{"/Users/jonas/Dev/Hobby/Web/wow-auction-helper/server/src/app.ts": {"path":"/Users/jonas/Dev/Hobby/Web/wow-auction-helper/server/src/app.ts","statementMap":{"0":{"start":{"line":1,"column":0},"end":{"line":1,"column":29}},"1":{"start":{"line":2,"column":0},"end":{"line":2,"column":37}},"2":{"start":{"line":3,"column":0},"end":{"line":3,"column":36}},"3":{"start":{"line":5,"column":0},"end":{"line":5,"column":25}},"4":{"start":{"line":6,"column":0},"end":{"line":6,"column":27}},"5":{"start":{"line":8,"column":0},"end":{"line":8,"column":44}},"6":{"start":{"line":9,"column":0},"end":{"line":9,"column":23}},"7":{"start":{"line":10,"column":0},"end":{"line":10,"column":48}},"8":{"start":{"line":14,"column":0},"end":{"line":14,"column":40}},"9":{"start":{"line":17,"column":0},"end":{"line":17,"column":50}},"10":{"start":{"line":18,"column":0},"end":{"line":18,"column":63}},"11":{"start":{"line":19,"column":0},"end":{"line":19,"column":67}},"12":{"start":{"line":20,"column":0},"end":{"line":20,"column":61}},"13":{"start":{"line":21,"column":0},"end":{"line":21,"column":69}},"14":{"start":{"line":24,"column":12},"end":{"line":24,"column":21}},"15":{"start":{"line":27,"column":0},"end":{"line":27,"column":42}},"16":{"start":{"line":28,"column":0},"end":{"line":28,"column":23}},"17":{"start":{"line":29,"column":0},"end":{"line":29,"column":27}},"18":{"start":{"line":30,"column":0},"end":{"line":30,"column":51}},"19":{"start":{"line":31,"column":0},"end":{"line":31,"column":28}},"20":{"start":{"line":32,"column":0},"end":{"line":35,"column":4}},"21":{"start":{"line":36,"column":0},"end":{"line":36,"column":36}},"22":{"start":{"line":37,"column":0},"end":{"line":37,"column":35}},"23":{"start":{"line":38,"column":0},"end":{"line":42,"column":3}},"24":{"start":{"line":39,"column":2},"end":{"line":39,"column":49}},"25":{"start":{"line":40,"column":2},"end":{"line":40,"column":95}},"26":{"start":{"line":41,"column":2},"end":{"line":41,"column":9}},"27":{"start":{"line":44,"column":0},"end":{"line":46,"column":2}},"28":{"start":{"line":52,"column":0},"end":{"line":52,"column":38}},"29":{"start":{"line":54,"column":0},"end":{"line":58,"column":1}},"30":{"start":{"line":56,"column":2},"end":{"line":56,"column":66}},"31":{"start":{"line":57,"column":2},"end":{"line":57,"column":67}},"32":{"start":{"line":62,"column":0},"end":{"line":62,"column":46}},"33":{"start":{"line":63,"column":0},"end":{"line":63,"column":48}},"34":{"start":{"line":64,"column":0},"end":{"line":64,"column":51}},"35":{"start":{"line":65,"column":0},"end":{"line":65,"column":49}},"36":{"start":{"line":66,"column":0},"end":{"line":66,"column":54}},"37":{"start":{"line":67,"column":0},"end":{"line":67,"column":56}},"38":{"start":{"line":68,"column":0},"end":{"line":68,"column":60}},"39":{"start":{"line":69,"column":0},"end":{"line":69,"column":63}},"40":{"start":{"line":71,"column":0},"end":{"line":71,"column":53}},"41":{"start":{"line":72,"column":0},"end":{"line":72,"column":54}},"42":{"start":{"line":73,"column":0},"end":{"line":73,"column":55}},"43":{"start":{"line":75,"column":0},"end":{"line":75,"column":44}},"44":{"start":{"line":76,"column":0},"end":{"line":76,"column":45}},"45":{"start":{"line":77,"column":0},"end":{"line":77,"column":46}},"46":{"start":{"line":78,"column":0},"end":{"line":78,"column":50}},"47":{"start":{"line":79,"column":0},"end":{"line":79,"column":52}},"48":{"start":{"line":81,"column":0},"end":{"line":81,"column":56}},"49":{"start":{"line":82,"column":0},"end":{"line":82,"column":67}},"50":{"start":{"line":87,"column":0},"end":{"line":99,"column":3}},"51":{"start":{"line":88,"column":14},"end":{"line":88,"column":29}},"52":{"start":{"line":89,"column":2},"end":{"line":98,"column":3}},"53":{"start":{"line":90,"column":6},"end":{"line":90,"column":62}},"54":{"start":{"line":92,"column":6},"end":{"line":92,"column":38}},"55":{"start":{"line":94,"column":6},"end":{"line":97,"column":7}},"56":{"start":{"line":95,"column":10},"end":{"line":95,"column":105}},"57":{"start":{"line":96,"column":10},"end":{"line":96,"column":44}},"58":{"start":{"line":101,"column":0},"end":{"line":104,"column":3}},"59":{"start":{"line":102,"column":2},"end":{"line":102,"column":125}},"60":{"start":{"line":103,"column":2},"end":{"line":103,"column":36}},"61":{"start":{"line":106,"column":0},"end":{"line":106,"column":19}}},"fnMap":{"0":{"name":"(anonymous_2)","decl":{"start":{"line":38,"column":8},"end":{"line":38,"column":16}},"loc":{"start":{"line":38,"column":31},"end":{"line":42,"column":1}}},"1":{"name":"(anonymous_3)","decl":{"start":{"line":87,"column":13},"end":{"line":87,"column":14}},"loc":{"start":{"line":87,"column":26},"end":{"line":99,"column":1}}},"2":{"name":"(anonymous_4)","decl":{"start":{"line":101,"column":14},"end":{"line":101,"column":15}},"loc":{"start":{"line":101,"column":27},"end":{"line":104,"column":1}}}},"branchMap":{"0":{"loc":{"start":{"line":27,"column":16},"end":{"line":27,"column":32}},"type":"binary-expr","locations":[{"start":{"line":27,"column":16},"end":{"line":27,"column":32}},{"start":{"line":27,"column":36},"end":{"line":27,"column":40}}]},"1":{"loc":{"start":{"line":54,"column":0},"end":{"line":58,"column":1}},"type":"if","locations":[{"start":{"line":54,"column":0},"end":{"line":58,"column":1}},{"start":{"line":54,"column":0},"end":{"line":58,"column":1}}]},"2":{"loc":{"start":{"line":89,"column":2},"end":{"line":98,"column":3}},"type":"if","locations":[{"start":{"line":89,"column":2},"end":{"line":98,"column":3}},{"start":{"line":89,"column":2},"end":{"line":98,"column":3}}]},"3":{"loc":{"start":{"line":94,"column":6},"end":{"line":97,"column":7}},"type":"if","locations":[{"start":{"line":94,"column":6},"end":{"line":97,"column":7}},{"start":{"line":94,"column":6},"end":{"line":97,"column":7}}]},"4":{"loc":{"start":{"line":94,"column":10},"end":{"line":94,"column":36}},"type":"binary-expr","locations":[{"start":{"line":94,"column":10},"end":{"line":94,"column":36}},{"start":{"line":94,"column":40},"end":{"line":94,"column":86}}]}},"s":{"0":1,"1":1,"2":1,"3":1,"4":1,"5":1,"6":1,"7":1,"8":1,"9":1,"10":1,"11":1,"12":1,"13":1,"14":1,"15":1,"16":1,"17":1,"18":1,"19":1,"20":1,"21":1,"22":1,"23":1,"24":1,"25":1,"26":1,"27":1,"28":1,"29":1,"30":1,"31":1,"32":1,"33":1,"34":1,"35":1,"36":1,"37":1,"38":1,"39":1,"40":1,"41":1,"42":1,"43":1,"44":1,"45":1,"46":1,"47":1,"48":1,"49":1,"50":1,"51":0,"52":0,"53":0,"54":0,"55":0,"56":0,"57":0,"58":1,"59":0,"60":0,"61":1},"f":{"0":1,"1":0,"2":0},"b":{"0":[1,1],"1":[1,0],"2":[0,0],"3":[0,0],"4":[0,0]}}
,"/Users/jonas/Dev/Hobby/Web/wow-auction-helper/server/src/bfa-recipe-list.ts": {"path":"/Users/jonas/Dev/Hobby/Web/wow-auction-helper/server/src/bfa-recipe-list.ts","statementMap":{"0":{"start":{"line":2,"column":18},"end":{"line":537,"column":6}},"1":{"start":{"line":539,"column":18},"end":{"line":539,"column":41}},"2":{"start":{"line":541,"column":18},"end":{"line":541,"column":41}},"3":{"start":{"line":1,"column":0},"end":{"line":542,"column":1}}},"fnMap":{},"branchMap":{},"s":{"0":1,"1":1,"2":1,"3":1},"f":{},"b":{}}
,"/Users/jonas/Dev/Hobby/Web/wow-auction-helper/server/src/controllers/api.ts": {"path":"/Users/jonas/Dev/Hobby/Web/wow-auction-helper/server/src/controllers/api.ts","statementMap":{"0":{"start":{"line":13,"column":11},"end":{"line":17,"column":2}},"1":{"start":{"line":14,"column":2},"end":{"line":16,"column":5}}},"fnMap":{"0":{"name":"(anonymous_0)","decl":{"start":{"line":13,"column":20},"end":{"line":13,"column":21}},"loc":{"start":{"line":13,"column":52},"end":{"line":17,"column":1}}}},"branchMap":{},"s":{"0":1,"1":1},"f":{"0":1},"b":{}}
,"/Users/jonas/Dev/Hobby/Web/wow-auction-helper/server/src/controllers/auction.controller.ts": {"path":"/Users/jonas/Dev/Hobby/Web/wow-auction-helper/server/src/controllers/auction.controller.ts","statementMap":{"0":{"start":{"line":2,"column":0},"end":{"line":2,"column":50}},"1":{"start":{"line":8,"column":13},"end":{"line":10,"column":2}},"2":{"start":{"line":9,"column":2},"end":{"line":9,"column":36}},"3":{"start":{"line":12,"column":13},"end":{"line":15,"column":4}},"4":{"start":{"line":14,"column":4},"end":{"line":14,"column":39}}},"fnMap":{"0":{"name":"(anonymous_0)","decl":{"start":{"line":8,"column":27},"end":{"line":8,"column":28}},"loc":{"start":{"line":8,"column":59},"end":{"line":10,"column":1}}},"1":{"name":"(anonymous_1)","decl":{"start":{"line":13,"column":2},"end":{"line":13,"column":3}},"loc":{"start":{"line":13,"column":34},"end":{"line":15,"column":3}}}},"branchMap":{},"s":{"0":1,"1":1,"2":0,"3":1,"4":0},"f":{"0":0,"1":0},"b":{}}
,"/Users/jonas/Dev/Hobby/Web/wow-auction-helper/server/src/controllers/item.controller.ts": {"path":"/Users/jonas/Dev/Hobby/Web/wow-auction-helper/server/src/controllers/item.controller.ts","statementMap":{"0":{"start":{"line":2,"column":0},"end":{"line":2,"column":25}},"1":{"start":{"line":4,"column":0},"end":{"line":4,"column":54}},"2":{"start":{"line":5,"column":0},"end":{"line":5,"column":43}},"3":{"start":{"line":6,"column":0},"end":{"line":6,"column":44}},"4":{"start":{"line":7,"column":0},"end":{"line":7,"column":48}},"5":{"start":{"line":8,"column":0},"end":{"line":8,"column":45}},"6":{"start":{"line":10,"column":13},"end":{"line":20,"column":2}},"7":{"start":{"line":10,"column":61},"end":{"line":20,"column":1}},"8":{"start":{"line":11,"column":13},"end":{"line":11,"column":57}},"9":{"start":{"line":12,"column":2},"end":{"line":19,"column":72}},"10":{"start":{"line":19,"column":4},"end":{"line":19,"column":70}},"11":{"start":{"line":22,"column":13},"end":{"line":25,"column":2}},"12":{"start":{"line":22,"column":64},"end":{"line":25,"column":1}},"13":{"start":{"line":23,"column":2},"end":{"line":23,"column":38}},"14":{"start":{"line":24,"column":2},"end":{"line":24,"column":46}},"15":{"start":{"line":31,"column":13},"end":{"line":40,"column":2}},"16":{"start":{"line":32,"column":13},"end":{"line":32,"column":57}},"17":{"start":{"line":33,"column":2},"end":{"line":39,"column":55}},"18":{"start":{"line":39,"column":6},"end":{"line":39,"column":53}},"19":{"start":{"line":46,"column":13},"end":{"line":56,"column":2}},"20":{"start":{"line":47,"column":13},"end":{"line":47,"column":57}},"21":{"start":{"line":48,"column":2},"end":{"line":55,"column":55}},"22":{"start":{"line":55,"column":6},"end":{"line":55,"column":53}},"23":{"start":{"line":58,"column":13},"end":{"line":71,"column":2}},"24":{"start":{"line":59,"column":13},"end":{"line":59,"column":57}},"25":{"start":{"line":60,"column":2},"end":{"line":70,"column":7}},"26":{"start":{"line":65,"column":6},"end":{"line":69,"column":7}},"27":{"start":{"line":66,"column":8},"end":{"line":66,"column":32}},"28":{"start":{"line":68,"column":8},"end":{"line":68,"column":46}},"29":{"start":{"line":73,"column":13},"end":{"line":81,"column":2}},"30":{"start":{"line":73,"column":65},"end":{"line":81,"column":1}},"31":{"start":{"line":74,"column":13},"end":{"line":74,"column":57}},"32":{"start":{"line":75,"column":2},"end":{"line":80,"column":7}},"33":{"start":{"line":78,"column":6},"end":{"line":78,"column":15}},"34":{"start":{"line":79,"column":6},"end":{"line":79,"column":42}},"35":{"start":{"line":83,"column":13},"end":{"line":87,"column":2}},"36":{"start":{"line":83,"column":70},"end":{"line":87,"column":1}},"37":{"start":{"line":84,"column":2},"end":{"line":84,"column":20}},"38":{"start":{"line":86,"column":2},"end":{"line":86,"column":53}},"39":{"start":{"line":89,"column":13},"end":{"line":90,"column":20}},"40":{"start":{"line":90,"column":2},"end":{"line":90,"column":19}}},"fnMap":{"0":{"name":"(anonymous_7)","decl":{"start":{"line":10,"column":23},"end":{"line":10,"column":30}},"loc":{"start":{"line":10,"column":61},"end":{"line":20,"column":1}}},"1":{"name":"(anonymous_8)","decl":{"start":{"line":10,"column":61},"end":{"line":null,"column":-1}},"loc":{"start":{"line":10,"column":61},"end":{"line":20,"column":1}}},"2":{"name":"(anonymous_9)","decl":{"start":{"line":18,"column":2},"end":{"line":18,"column":3}},"loc":{"start":{"line":19,"column":4},"end":{"line":19,"column":70}}},"3":{"name":"(anonymous_10)","decl":{"start":{"line":22,"column":26},"end":{"line":22,"column":33}},"loc":{"start":{"line":22,"column":64},"end":{"line":25,"column":1}}},"4":{"name":"(anonymous_11)","decl":{"start":{"line":22,"column":64},"end":{"line":null,"column":-1}},"loc":{"start":{"line":22,"column":64},"end":{"line":25,"column":1}}},"5":{"name":"(anonymous_12)","decl":{"start":{"line":31,"column":24},"end":{"line":31,"column":25}},"loc":{"start":{"line":31,"column":56},"end":{"line":40,"column":1}}},"6":{"name":"(anonymous_13)","decl":{"start":{"line":38,"column":4},"end":{"line":38,"column":5}},"loc":{"start":{"line":39,"column":6},"end":{"line":39,"column":53}}},"7":{"name":"(anonymous_14)","decl":{"start":{"line":46,"column":25},"end":{"line":46,"column":26}},"loc":{"start":{"line":46,"column":57},"end":{"line":56,"column":1}}},"8":{"name":"(anonymous_15)","decl":{"start":{"line":54,"column":4},"end":{"line":54,"column":5}},"loc":{"start":{"line":55,"column":6},"end":{"line":55,"column":53}}},"9":{"name":"(anonymous_16)","decl":{"start":{"line":58,"column":30},"end":{"line":58,"column":31}},"loc":{"start":{"line":58,"column":62},"end":{"line":71,"column":1}}},"10":{"name":"(anonymous_17)","decl":{"start":{"line":64,"column":4},"end":{"line":64,"column":5}},"loc":{"start":{"line":64,"column":26},"end":{"line":70,"column":5}}},"11":{"name":"(anonymous_18)","decl":{"start":{"line":73,"column":27},"end":{"line":73,"column":34}},"loc":{"start":{"line":73,"column":65},"end":{"line":81,"column":1}}},"12":{"name":"(anonymous_19)","decl":{"start":{"line":73,"column":65},"end":{"line":null,"column":-1}},"loc":{"start":{"line":73,"column":65},"end":{"line":81,"column":1}}},"13":{"name":"(anonymous_20)","decl":{"start":{"line":77,"column":4},"end":{"line":77,"column":5}},"loc":{"start":{"line":77,"column":26},"end":{"line":80,"column":5}}},"14":{"name":"(anonymous_21)","decl":{"start":{"line":83,"column":32},"end":{"line":83,"column":39}},"loc":{"start":{"line":83,"column":70},"end":{"line":87,"column":1}}},"15":{"name":"(anonymous_22)","decl":{"start":{"line":83,"column":70},"end":{"line":null,"column":-1}},"loc":{"start":{"line":83,"column":70},"end":{"line":87,"column":1}}},"16":{"name":"(anonymous_23)","decl":{"start":{"line":89,"column":28},"end":{"line":89,"column":29}},"loc":{"start":{"line":90,"column":2},"end":{"line":90,"column":19}}}},"branchMap":{"0":{"loc":{"start":{"line":65,"column":6},"end":{"line":69,"column":7}},"type":"if","locations":[{"start":{"line":65,"column":6},"end":{"line":69,"column":7}},{"start":{"line":65,"column":6},"end":{"line":69,"column":7}}]},"1":{"loc":{"start":{"line":65,"column":10},"end":{"line":65,"column":13}},"type":"binary-expr","locations":[{"start":{"line":65,"column":10},"end":{"line":65,"column":13}},{"start":{"line":65,"column":17},"end":{"line":65,"column":34}}]}},"s":{"0":1,"1":1,"2":1,"3":1,"4":1,"5":1,"6":1,"7":0,"8":0,"9":0,"10":0,"11":1,"12":0,"13":0,"14":0,"15":1,"16":0,"17":0,"18":0,"19":1,"20":0,"21":0,"22":0,"23":1,"24":0,"25":0,"26":0,"27":0,"28":0,"29":1,"30":0,"31":0,"32":0,"33":0,"34":0,"35":1,"36":0,"37":0,"38":0,"39":1,"40":0},"f":{"0":0,"1":0,"2":0,"3":0,"4":0,"5":0,"6":0,"7":0,"8":0,"9":0,"10":0,"11":0,"12":0,"13":0,"14":0,"15":0,"16":0},"b":{"0":[0,0],"1":[0,0]}}
,"/Users/jonas/Dev/Hobby/Web/wow-auction-helper/server/src/controllers/pet.controller.ts": {"path":"/Users/jonas/Dev/Hobby/Web/wow-auction-helper/server/src/controllers/pet.controller.ts","statementMap":{"0":{"start":{"line":2,"column":0},"end":{"line":2,"column":42}},"1":{"start":{"line":7,"column":11},"end":{"line":9,"column":2}},"2":{"start":{"line":8,"column":2},"end":{"line":8,"column":29}},"3":{"start":{"line":15,"column":11},"end":{"line":17,"column":2}},"4":{"start":{"line":16,"column":2},"end":{"line":16,"column":42}},"5":{"start":{"line":22,"column":11},"end":{"line":24,"column":2}},"6":{"start":{"line":23,"column":1},"end":{"line":23,"column":28}}},"fnMap":{"0":{"name":"(anonymous_0)","decl":{"start":{"line":7,"column":22},"end":{"line":7,"column":23}},"loc":{"start":{"line":7,"column":54},"end":{"line":9,"column":1}}},"1":{"name":"(anonymous_1)","decl":{"start":{"line":15,"column":20},"end":{"line":15,"column":21}},"loc":{"start":{"line":15,"column":52},"end":{"line":17,"column":1}}},"2":{"name":"(anonymous_2)","decl":{"start":{"line":22,"column":22},"end":{"line":22,"column":23}},"loc":{"start":{"line":22,"column":54},"end":{"line":24,"column":1}}}},"branchMap":{},"s":{"0":1,"1":1,"2":0,"3":1,"4":0,"5":1,"6":0},"f":{"0":0,"1":0,"2":0},"b":{}}
,"/Users/jonas/Dev/Hobby/Web/wow-auction-helper/server/src/controllers/recipe.controller.ts": {"path":"/Users/jonas/Dev/Hobby/Web/wow-auction-helper/server/src/controllers/recipe.controller.ts","statementMap":{"0":{"start":{"line":2,"column":0},"end":{"line":2,"column":48}},"1":{"start":{"line":3,"column":0},"end":{"line":3,"column":45}},"2":{"start":{"line":9,"column":11},"end":{"line":11,"column":2}},"3":{"start":{"line":10,"column":2},"end":{"line":10,"column":35}},"4":{"start":{"line":17,"column":11},"end":{"line":19,"column":2}},"5":{"start":{"line":18,"column":2},"end":{"line":18,"column":48}},"6":{"start":{"line":21,"column":11},"end":{"line":23,"column":2}},"7":{"start":{"line":22,"column":2},"end":{"line":22,"column":57}}},"fnMap":{"0":{"name":"(anonymous_0)","decl":{"start":{"line":9,"column":25},"end":{"line":9,"column":26}},"loc":{"start":{"line":9,"column":57},"end":{"line":11,"column":1}}},"1":{"name":"(anonymous_1)","decl":{"start":{"line":17,"column":23},"end":{"line":17,"column":24}},"loc":{"start":{"line":17,"column":55},"end":{"line":19,"column":1}}},"2":{"name":"(anonymous_2)","decl":{"start":{"line":21,"column":27},"end":{"line":21,"column":28}},"loc":{"start":{"line":21,"column":59},"end":{"line":23,"column":1}}}},"branchMap":{},"s":{"0":1,"1":1,"2":1,"3":0,"4":1,"5":0,"6":1,"7":0},"f":{"0":0,"1":0,"2":0},"b":{}}
,"/Users/jonas/Dev/Hobby/Web/wow-auction-helper/server/src/models/crafting/recipe.ts": {"path":"/Users/jonas/Dev/Hobby/Web/wow-auction-helper/server/src/models/crafting/recipe.ts","statementMap":{"0":{"start":{"line":6,"column":2},"end":{"line":6,"column":31}},"1":{"start":{"line":19,"column":2},"end":{"line":19,"column":24}},"2":{"start":{"line":20,"column":2},"end":{"line":20,"column":28}},"3":{"start":{"line":21,"column":2},"end":{"line":21,"column":29}},"4":{"start":{"line":22,"column":2},"end":{"line":22,"column":30}},"5":{"start":{"line":23,"column":2},"end":{"line":23,"column":22}},"6":{"start":{"line":24,"column":2},"end":{"line":24,"column":29}},"7":{"start":{"line":3,"column":0},"end":{"line":25,"column":1}}},"fnMap":{"0":{"name":"(anonymous_0)","decl":{"start":{"line":3,"column":0},"end":{"line":null,"column":-1}},"loc":{"start":{"line":3,"column":0},"end":{"line":25,"column":1}}}},"branchMap":{},"s":{"0":0,"1":0,"2":0,"3":0,"4":0,"5":0,"6":0,"7":1},"f":{"0":0},"b":{}}
,"/Users/jonas/Dev/Hobby/Web/wow-auction-helper/server/src/models/item/item-locale.ts": {"path":"/Users/jonas/Dev/Hobby/Web/wow-auction-helper/server/src/models/item/item-locale.ts","statementMap":{"0":{"start":{"line":14,"column":21},"end":{"line":14,"column":31}},"1":{"start":{"line":1,"column":0},"end":{"line":15,"column":1}}},"fnMap":{"0":{"name":"(anonymous_0)","decl":{"start":{"line":14,"column":2},"end":{"line":14,"column":20}},"loc":{"start":{"line":14,"column":31},"end":{"line":14,"column":35}}}},"branchMap":{},"s":{"0":0,"1":1},"f":{"0":0},"b":{}}
,"/Users/jonas/Dev/Hobby/Web/wow-auction-helper/server/src/models/item/item.ts": {"path":"/Users/jonas/Dev/Hobby/Web/wow-auction-helper/server/src/models/item/item.ts","statementMap":{"0":{"start":{"line":3,"column":0},"end":{"line":3,"column":35}},"1":{"start":{"line":7,"column":2},"end":{"line":7,"column":24}},"2":{"start":{"line":8,"column":2},"end":{"line":8,"column":25}},"3":{"start":{"line":13,"column":2},"end":{"line":13,"column":32}},"4":{"start":{"line":14,"column":2},"end":{"line":14,"column":39}},"5":{"start":{"line":24,"column":4},"end":{"line":37,"column":5}},"6":{"start":{"line":25,"column":6},"end":{"line":25,"column":24}},"7":{"start":{"line":26,"column":6},"end":{"line":26,"column":28}},"8":{"start":{"line":27,"column":6},"end":{"line":27,"column":28}},"9":{"start":{"line":28,"column":6},"end":{"line":28,"column":38}},"10":{"start":{"line":29,"column":6},"end":{"line":29,"column":38}},"11":{"start":{"line":30,"column":6},"end":{"line":30,"column":44}},"12":{"start":{"line":31,"column":6},"end":{"line":31,"column":34}},"13":{"start":{"line":32,"column":6},"end":{"line":32,"column":36}},"14":{"start":{"line":33,"column":6},"end":{"line":33,"column":38}},"15":{"start":{"line":34,"column":6},"end":{"line":34,"column":36}},"16":{"start":{"line":35,"column":6},"end":{"line":35,"column":44}},"17":{"start":{"line":36,"column":6},"end":{"line":36,"column":46}},"18":{"start":{"line":5,"column":0},"end":{"line":39,"column":1}}},"fnMap":{"0":{"name":"(anonymous_0)","decl":{"start":{"line":23,"column":2},"end":{"line":23,"column":13}},"loc":{"start":{"line":23,"column":25},"end":{"line":38,"column":3}}}},"branchMap":{"0":{"loc":{"start":{"line":24,"column":4},"end":{"line":37,"column":5}},"type":"if","locations":[{"start":{"line":24,"column":4},"end":{"line":37,"column":5}},{"start":{"line":24,"column":4},"end":{"line":37,"column":5}}]}},"s":{"0":1,"1":0,"2":0,"3":0,"4":0,"5":0,"6":0,"7":0,"8":0,"9":0,"10":0,"11":0,"12":0,"13":0,"14":0,"15":0,"16":0,"17":0,"18":1},"f":{"0":0},"b":{"0":[0,0]}}
,"/Users/jonas/Dev/Hobby/Web/wow-auction-helper/server/src/models/item/wowdb.ts": {"path":"/Users/jonas/Dev/Hobby/Web/wow-auction-helper/server/src/models/item/wowdb.ts","statementMap":{"0":{"start":{"line":19,"column":6},"end":{"line":19,"column":65}},"1":{"start":{"line":20,"column":6},"end":{"line":20,"column":75}},"2":{"start":{"line":21,"column":6},"end":{"line":21,"column":84}},"3":{"start":{"line":3,"column":0},"end":{"line":23,"column":1}},"4":{"start":{"line":25,"column":0},"end":{"line":28,"column":1}}},"fnMap":{"0":{"name":"(anonymous_0)","decl":{"start":{"line":18,"column":9},"end":{"line":18,"column":14}},"loc":{"start":{"line":18,"column":71},"end":{"line":22,"column":3}}}},"branchMap":{"0":{"loc":{"start":{"line":19,"column":43},"end":{"line":19,"column":59}},"type":"cond-expr","locations":[{"start":{"line":19,"column":43},"end":{"line":19,"column":59}},{"start":{"line":19,"column":62},"end":{"line":19,"column":64}}]},"1":{"loc":{"start":{"line":21,"column":45},"end":{"line":21,"column":75}},"type":"cond-expr","locations":[{"start":{"line":21,"column":45},"end":{"line":21,"column":75}},{"start":{"line":21,"column":78},"end":{"line":21,"column":83}}]}},"s":{"0":0,"1":0,"2":0,"3":1,"4":1},"f":{"0":0},"b":{"0":[0,0],"1":[0,0]}}
,"/Users/jonas/Dev/Hobby/Web/wow-auction-helper/server/src/models/item/wowhead.ts": {"path":"/Users/jonas/Dev/Hobby/Web/wow-auction-helper/server/src/models/item/wowhead.ts","statementMap":{"0":{"start":{"line":1,"column":0},"end":{"line":14,"column":1}},"1":{"start":{"line":16,"column":0},"end":{"line":27,"column":1}},"2":{"start":{"line":29,"column":0},"end":{"line":29,"column":33}},"3":{"start":{"line":31,"column":0},"end":{"line":31,"column":32}},"4":{"start":{"line":33,"column":0},"end":{"line":46,"column":1}},"5":{"start":{"line":48,"column":0},"end":{"line":63,"column":1}},"6":{"start":{"line":65,"column":0},"end":{"line":66,"column":1}},"7":{"start":{"line":68,"column":0},"end":{"line":81,"column":1}},"8":{"start":{"line":83,"column":0},"end":{"line":91,"column":1}},"9":{"start":{"line":93,"column":0},"end":{"line":109,"column":1}},"10":{"start":{"line":111,"column":0},"end":{"line":116,"column":1}},"11":{"start":{"line":118,"column":0},"end":{"line":118,"column":35}},"12":{"start":{"line":120,"column":0},"end":{"line":120,"column":40}}},"fnMap":{},"branchMap":{},"s":{"0":2,"1":2,"2":2,"3":2,"4":2,"5":2,"6":2,"7":2,"8":2,"9":2,"10":2,"11":2,"12":2},"f":{},"b":{}}
,"/Users/jonas/Dev/Hobby/Web/wow-auction-helper/server/src/queries/item.query.ts": {"path":"/Users/jonas/Dev/Hobby/Web/wow-auction-helper/server/src/queries/item.query.ts","statementMap":{"0":{"start":{"line":2,"column":0},"end":{"line":2,"column":51}},"1":{"start":{"line":6,"column":27},"end":{"line":6,"column":29}},"2":{"start":{"line":7,"column":4},"end":{"line":18,"column":7}},"3":{"start":{"line":8,"column":6},"end":{"line":17,"column":7}},"4":{"start":{"line":9,"column":8},"end":{"line":16,"column":9}},"5":{"start":{"line":10,"column":10},"end":{"line":10,"column":69}},"6":{"start":{"line":11,"column":15},"end":{"line":16,"column":9}},"7":{"start":{"line":12,"column":10},"end":{"line":13,"column":73}},"8":{"start":{"line":15,"column":10},"end":{"line":15,"column":52}},"9":{"start":{"line":19,"column":4},"end":{"line":24,"column":30}},"10":{"start":{"line":28,"column":4},"end":{"line":63,"column":13}},"11":{"start":{"line":4,"column":0},"end":{"line":65,"column":1}}},"fnMap":{"0":{"name":"(anonymous_0)","decl":{"start":{"line":5,"column":9},"end":{"line":5,"column":14}},"loc":{"start":{"line":5,"column":33},"end":{"line":25,"column":3}}},"1":{"name":"(anonymous_1)","decl":{"start":{"line":7,"column":30},"end":{"line":7,"column":32}},"loc":{"start":{"line":7,"column":36},"end":{"line":18,"column":5}}},"2":{"name":"(anonymous_2)","decl":{"start":{"line":27,"column":9},"end":{"line":27,"column":14}},"loc":{"start":{"line":27,"column":33},"end":{"line":64,"column":3}}}},"branchMap":{"0":{"loc":{"start":{"line":8,"column":6},"end":{"line":17,"column":7}},"type":"if","locations":[{"start":{"line":8,"column":6},"end":{"line":17,"column":7}},{"start":{"line":8,"column":6},"end":{"line":17,"column":7}}]},"1":{"loc":{"start":{"line":9,"column":8},"end":{"line":16,"column":9}},"type":"if","locations":[{"start":{"line":9,"column":8},"end":{"line":16,"column":9}},{"start":{"line":9,"column":8},"end":{"line":16,"column":9}}]},"2":{"loc":{"start":{"line":11,"column":15},"end":{"line":16,"column":9}},"type":"if","locations":[{"start":{"line":11,"column":15},"end":{"line":16,"column":9}},{"start":{"line":11,"column":15},"end":{"line":16,"column":9}}]},"3":{"loc":{"start":{"line":44,"column":28},"end":{"line":44,"column":74}},"type":"cond-expr","locations":[{"start":{"line":44,"column":28},"end":{"line":44,"column":74}},{"start":{"line":44,"column":77},"end":{"line":45,"column":8}}]},"4":{"loc":{"start":{"line":46,"column":28},"end":{"line":46,"column":74}},"type":"cond-expr","locations":[{"start":{"line":46,"column":28},"end":{"line":46,"column":74}},{"start":{"line":46,"column":77},"end":{"line":47,"column":8}}]}},"s":{"0":1,"1":0,"2":0,"3":0,"4":0,"5":0,"6":0,"7":0,"8":0,"9":0,"10":0,"11":1},"f":{"0":0,"1":0,"2":0},"b":{"0":[0,0],"1":[0,0],"2":[0,0],"3":[0,0],"4":[0,0]}}
,"/Users/jonas/Dev/Hobby/Web/wow-auction-helper/server/src/util/auction.util.ts": {"path":"/Users/jonas/Dev/Hobby/Web/wow-auction-helper/server/src/util/auction.util.ts","statementMap":{"0":{"start":{"line":9,"column":29},"end":{"line":9,"column":56}},"1":{"start":{"line":10,"column":21},"end":{"line":10,"column":39}},"2":{"start":{"line":11,"column":23},"end":{"line":11,"column":49}},"3":{"start":{"line":15,"column":16},"end":{"line":15,"column":28}},"4":{"start":{"line":17,"column":4},"end":{"line":24,"column":5}},"5":{"start":{"line":18,"column":6},"end":{"line":18,"column":29}},"6":{"start":{"line":20,"column":6},"end":{"line":23,"column":9}},"7":{"start":{"line":28,"column":4},"end":{"line":37,"column":6}},"8":{"start":{"line":41,"column":4},"end":{"line":66,"column":7}},"9":{"start":{"line":42,"column":26},"end":{"line":42,"column":28}},"10":{"start":{"line":43,"column":14},"end":{"line":43,"column":16}},"11":{"start":{"line":44,"column":25},"end":{"line":44,"column":27}},"12":{"start":{"line":45,"column":18},"end":{"line":45,"column":22}},"13":{"start":{"line":49,"column":6},"end":{"line":64,"column":9}},"14":{"start":{"line":50,"column":8},"end":{"line":63,"column":9}},"15":{"start":{"line":51,"column":10},"end":{"line":51,"column":26}},"16":{"start":{"line":54,"column":10},"end":{"line":54,"column":34}},"17":{"start":{"line":55,"column":10},"end":{"line":62,"column":13}},"18":{"start":{"line":65,"column":6},"end":{"line":65,"column":21}},"19":{"start":{"line":13,"column":0},"end":{"line":68,"column":1}}},"fnMap":{"0":{"name":"(anonymous_0)","decl":{"start":{"line":14,"column":9},"end":{"line":14,"column":14}},"loc":{"start":{"line":14,"column":55},"end":{"line":25,"column":3}}},"1":{"name":"(anonymous_1)","decl":{"start":{"line":27,"column":9},"end":{"line":27,"column":14}},"loc":{"start":{"line":27,"column":52},"end":{"line":38,"column":3}}},"2":{"name":"(anonymous_2)","decl":{"start":{"line":40,"column":10},"end":{"line":40,"column":15}},"loc":{"start":{"line":40,"column":69},"end":{"line":67,"column":3}}},"3":{"name":"(anonymous_3)","decl":{"start":{"line":41,"column":30},"end":{"line":41,"column":31}},"loc":{"start":{"line":41,"column":48},"end":{"line":66,"column":5}}},"4":{"name":"(anonymous_4)","decl":{"start":{"line":49,"column":31},"end":{"line":49,"column":32}},"loc":{"start":{"line":49,"column":35},"end":{"line":64,"column":7}}}},"branchMap":{"0":{"loc":{"start":{"line":17,"column":4},"end":{"line":24,"column":5}},"type":"if","locations":[{"start":{"line":17,"column":4},"end":{"line":24,"column":5}},{"start":{"line":17,"column":4},"end":{"line":24,"column":5}}]},"1":{"loc":{"start":{"line":17,"column":8},"end":{"line":17,"column":11}},"type":"binary-expr","locations":[{"start":{"line":17,"column":8},"end":{"line":17,"column":11}},{"start":{"line":17,"column":15},"end":{"line":17,"column":70}}]},"2":{"loc":{"start":{"line":50,"column":8},"end":{"line":63,"column":9}},"type":"if","locations":[{"start":{"line":50,"column":8},"end":{"line":63,"column":9}},{"start":{"line":50,"column":8},"end":{"line":63,"column":9}}]}},"s":{"0":1,"1":1,"2":1,"3":0,"4":0,"5":0,"6":0,"7":0,"8":0,"9":0,"10":0,"11":0,"12":0,"13":0,"14":0,"15":0,"16":0,"17":0,"18":0,"19":1},"f":{"0":0,"1":0,"2":0,"3":0,"4":0},"b":{"0":[0,0],"1":[0,0],"2":[0,0]}}
,"/Users/jonas/Dev/Hobby/Web/wow-auction-helper/server/src/util/item.util.ts": {"path":"/Users/jonas/Dev/Hobby/Web/wow-auction-helper/server/src/util/item.util.ts","statementMap":{"0":{"start":{"line":2,"column":0},"end":{"line":2,"column":30}},"1":{"start":{"line":3,"column":0},"end":{"line":3,"column":34}},"2":{"start":{"line":4,"column":0},"end":{"line":4,"column":49}},"3":{"start":{"line":5,"column":0},"end":{"line":5,"column":43}},"4":{"start":{"line":6,"column":0},"end":{"line":6,"column":45}},"5":{"start":{"line":7,"column":0},"end":{"line":7,"column":42}},"6":{"start":{"line":8,"column":0},"end":{"line":8,"column":66}},"7":{"start":{"line":9,"column":0},"end":{"line":9,"column":44}},"8":{"start":{"line":11,"column":0},"end":{"line":11,"column":48}},"9":{"start":{"line":12,"column":0},"end":{"line":12,"column":55}},"10":{"start":{"line":13,"column":0},"end":{"line":13,"column":49}},"11":{"start":{"line":14,"column":29},"end":{"line":14,"column":56}},"12":{"start":{"line":25,"column":4},"end":{"line":29,"column":5}},"13":{"start":{"line":26,"column":6},"end":{"line":26,"column":15}},"14":{"start":{"line":27,"column":6},"end":{"line":27,"column":32}},"15":{"start":{"line":28,"column":6},"end":{"line":28,"column":13}},"16":{"start":{"line":31,"column":4},"end":{"line":53,"column":5}},"17":{"start":{"line":32,"column":6},"end":{"line":32,"column":15}},"18":{"start":{"line":33,"column":6},"end":{"line":33,"column":36}},"19":{"start":{"line":34,"column":6},"end":{"line":34,"column":30}},"20":{"start":{"line":35,"column":6},"end":{"line":35,"column":13}},"21":{"start":{"line":37,"column":6},"end":{"line":52,"column":11}},"22":{"start":{"line":39,"column":10},"end":{"line":39,"column":30}},"23":{"start":{"line":40,"column":10},"end":{"line":46,"column":13}},"24":{"start":{"line":41,"column":12},"end":{"line":41,"column":21}},"25":{"start":{"line":42,"column":12},"end":{"line":44,"column":13}},"26":{"start":{"line":43,"column":14},"end":{"line":43,"column":61}},"27":{"start":{"line":45,"column":12},"end":{"line":45,"column":58}},"28":{"start":{"line":49,"column":10},"end":{"line":49,"column":55}},"29":{"start":{"line":50,"column":10},"end":{"line":50,"column":36}},"30":{"start":{"line":51,"column":10},"end":{"line":51,"column":36}},"31":{"start":{"line":60,"column":15},"end":{"line":60,"column":59}},"32":{"start":{"line":61,"column":4},"end":{"line":79,"column":9}},"33":{"start":{"line":63,"column":8},"end":{"line":63,"column":28}},"34":{"start":{"line":64,"column":8},"end":{"line":64,"column":55}},"35":{"start":{"line":65,"column":8},"end":{"line":73,"column":13}},"36":{"start":{"line":67,"column":12},"end":{"line":67,"column":21}},"37":{"start":{"line":68,"column":12},"end":{"line":72,"column":13}},"38":{"start":{"line":69,"column":14},"end":{"line":69,"column":77}},"39":{"start":{"line":71,"column":14},"end":{"line":71,"column":60}},"40":{"start":{"line":76,"column":8},"end":{"line":76,"column":68}},"41":{"start":{"line":77,"column":8},"end":{"line":77,"column":34}},"42":{"start":{"line":78,"column":8},"end":{"line":78,"column":34}},"43":{"start":{"line":87,"column":4},"end":{"line":90,"column":5}},"44":{"start":{"line":88,"column":6},"end":{"line":89,"column":35}},"45":{"start":{"line":89,"column":8},"end":{"line":89,"column":33}},"46":{"start":{"line":92,"column":4},"end":{"line":92,"column":13}},"47":{"start":{"line":93,"column":4},"end":{"line":95,"column":7}},"48":{"start":{"line":102,"column":28},"end":{"line":105,"column":6}},"49":{"start":{"line":106,"column":26},"end":{"line":106,"column":28}},"50":{"start":{"line":106,"column":47},"end":{"line":106,"column":49}},"51":{"start":{"line":107,"column":22},"end":{"line":107,"column":23}},"52":{"start":{"line":109,"column":4},"end":{"line":128,"column":7}},"53":{"start":{"line":110,"column":6},"end":{"line":127,"column":12}},"54":{"start":{"line":112,"column":10},"end":{"line":126,"column":13}},"55":{"start":{"line":113,"column":12},"end":{"line":113,"column":26}},"56":{"start":{"line":114,"column":12},"end":{"line":114,"column":109}},"57":{"start":{"line":115,"column":12},"end":{"line":125,"column":15}},"58":{"start":{"line":116,"column":14},"end":{"line":124,"column":15}},"59":{"start":{"line":118,"column":16},"end":{"line":118,"column":110}},"60":{"start":{"line":119,"column":16},"end":{"line":119,"column":30}},"61":{"start":{"line":121,"column":16},"end":{"line":121,"column":104}},"62":{"start":{"line":122,"column":16},"end":{"line":122,"column":33}},"63":{"start":{"line":123,"column":16},"end":{"line":123,"column":30}},"64":{"start":{"line":129,"column":4},"end":{"line":131,"column":50}},"65":{"start":{"line":131,"column":18},"end":{"line":131,"column":48}},"66":{"start":{"line":133,"column":4},"end":{"line":133,"column":20}},"67":{"start":{"line":148,"column":28},"end":{"line":151,"column":6}},"68":{"start":{"line":152,"column":26},"end":{"line":152,"column":28}},"69":{"start":{"line":152,"column":47},"end":{"line":152,"column":49}},"70":{"start":{"line":152,"column":63},"end":{"line":152,"column":65}},"71":{"start":{"line":153,"column":22},"end":{"line":153,"column":23}},"72":{"start":{"line":155,"column":4},"end":{"line":175,"column":7}},"73":{"start":{"line":156,"column":6},"end":{"line":174,"column":12}},"74":{"start":{"line":158,"column":10},"end":{"line":173,"column":13}},"75":{"start":{"line":158,"column":55},"end":{"line":173,"column":11}},"76":{"start":{"line":159,"column":12},"end":{"line":159,"column":26}},"77":{"start":{"line":160,"column":12},"end":{"line":160,"column":103}},"78":{"start":{"line":161,"column":12},"end":{"line":172,"column":15}},"79":{"start":{"line":162,"column":14},"end":{"line":171,"column":15}},"80":{"start":{"line":164,"column":16},"end":{"line":164,"column":109}},"81":{"start":{"line":165,"column":16},"end":{"line":165,"column":35}},"82":{"start":{"line":166,"column":16},"end":{"line":166,"column":30}},"83":{"start":{"line":168,"column":16},"end":{"line":168,"column":96}},"84":{"start":{"line":169,"column":16},"end":{"line":169,"column":33}},"85":{"start":{"line":170,"column":16},"end":{"line":170,"column":30}},"86":{"start":{"line":176,"column":4},"end":{"line":178,"column":50}},"87":{"start":{"line":178,"column":18},"end":{"line":178,"column":48}},"88":{"start":{"line":180,"column":4},"end":{"line":180,"column":52}},"89":{"start":{"line":184,"column":4},"end":{"line":186,"column":5}},"90":{"start":{"line":185,"column":6},"end":{"line":185,"column":82}},"91":{"start":{"line":188,"column":4},"end":{"line":190,"column":5}},"92":{"start":{"line":189,"column":6},"end":{"line":189,"column":59}},"93":{"start":{"line":194,"column":4},"end":{"line":224,"column":7}},"94":{"start":{"line":194,"column":55},"end":{"line":224,"column":5}},"95":{"start":{"line":197,"column":6},"end":{"line":223,"column":11}},"96":{"start":{"line":198,"column":24},"end":{"line":220,"column":9}},"97":{"start":{"line":199,"column":10},"end":{"line":199,"column":29}},"98":{"start":{"line":200,"column":10},"end":{"line":205,"column":15}},"99":{"start":{"line":202,"column":14},"end":{"line":202,"column":55}},"100":{"start":{"line":204,"column":14},"end":{"line":204,"column":71}},"101":{"start":{"line":207,"column":10},"end":{"line":213,"column":88}},"102":{"start":{"line":209,"column":14},"end":{"line":209,"column":48}},"103":{"start":{"line":210,"column":14},"end":{"line":210,"column":36}},"104":{"start":{"line":211,"column":14},"end":{"line":211,"column":35}},"105":{"start":{"line":213,"column":28},"end":{"line":213,"column":86}},"106":{"start":{"line":215,"column":10},"end":{"line":219,"column":11}},"107":{"start":{"line":216,"column":12},"end":{"line":216,"column":21}},"108":{"start":{"line":218,"column":12},"end":{"line":218,"column":26}},"109":{"start":{"line":222,"column":10},"end":{"line":222,"column":19}},"110":{"start":{"line":228,"column":4},"end":{"line":239,"column":7}},"111":{"start":{"line":229,"column":6},"end":{"line":238,"column":11}},"112":{"start":{"line":232,"column":10},"end":{"line":234,"column":11}},"113":{"start":{"line":233,"column":12},"end":{"line":233,"column":21}},"114":{"start":{"line":236,"column":10},"end":{"line":237,"column":28}},"115":{"start":{"line":243,"column":4},"end":{"line":248,"column":35}},"116":{"start":{"line":245,"column":8},"end":{"line":245,"column":23}},"117":{"start":{"line":248,"column":8},"end":{"line":248,"column":33}},"118":{"start":{"line":251,"column":4},"end":{"line":261,"column":7}},"119":{"start":{"line":252,"column":6},"end":{"line":260,"column":9}},"120":{"start":{"line":253,"column":8},"end":{"line":259,"column":9}},"121":{"start":{"line":254,"column":10},"end":{"line":254,"column":19}},"122":{"start":{"line":256,"column":27},"end":{"line":256,"column":57}},"123":{"start":{"line":257,"column":10},"end":{"line":258,"column":47}},"124":{"start":{"line":265,"column":4},"end":{"line":275,"column":7}},"125":{"start":{"line":266,"column":6},"end":{"line":274,"column":11}},"126":{"start":{"line":270,"column":10},"end":{"line":272,"column":11}},"127":{"start":{"line":271,"column":12},"end":{"line":271,"column":21}},"128":{"start":{"line":273,"column":10},"end":{"line":273,"column":44}},"129":{"start":{"line":280,"column":4},"end":{"line":319,"column":7}},"130":{"start":{"line":281,"column":17},"end":{"line":281,"column":61}},"131":{"start":{"line":284,"column":6},"end":{"line":318,"column":11}},"132":{"start":{"line":286,"column":36},"end":{"line":318,"column":9}},"133":{"start":{"line":287,"column":10},"end":{"line":317,"column":11}},"134":{"start":{"line":288,"column":36},"end":{"line":291,"column":14}},"135":{"start":{"line":293,"column":25},"end":{"line":293,"column":27}},"136":{"start":{"line":294,"column":28},"end":{"line":294,"column":30}},"137":{"start":{"line":295,"column":12},"end":{"line":310,"column":15}},"138":{"start":{"line":296,"column":14},"end":{"line":309,"column":20}},"139":{"start":{"line":298,"column":18},"end":{"line":308,"column":21}},"140":{"start":{"line":299,"column":20},"end":{"line":307,"column":25}},"141":{"start":{"line":301,"column":24},"end":{"line":301,"column":37}},"142":{"start":{"line":302,"column":24},"end":{"line":302,"column":35}},"143":{"start":{"line":305,"column":24},"end":{"line":305,"column":62}},"144":{"start":{"line":306,"column":24},"end":{"line":306,"column":35}},"145":{"start":{"line":311,"column":12},"end":{"line":313,"column":65}},"146":{"start":{"line":313,"column":26},"end":{"line":313,"column":63}},"147":{"start":{"line":314,"column":12},"end":{"line":314,"column":26}},"148":{"start":{"line":316,"column":12},"end":{"line":316,"column":23}},"149":{"start":{"line":323,"column":4},"end":{"line":346,"column":7}},"150":{"start":{"line":323,"column":61},"end":{"line":346,"column":5}},"151":{"start":{"line":324,"column":19},"end":{"line":324,"column":41}},"152":{"start":{"line":326,"column":25},"end":{"line":331,"column":63}},"153":{"start":{"line":328,"column":10},"end":{"line":331,"column":62}},"154":{"start":{"line":331,"column":14},"end":{"line":331,"column":61}},"155":{"start":{"line":332,"column":21},"end":{"line":336,"column":65}},"156":{"start":{"line":334,"column":12},"end":{"line":336,"column":64}},"157":{"start":{"line":336,"column":16},"end":{"line":336,"column":63}},"158":{"start":{"line":338,"column":6},"end":{"line":341,"column":9}},"159":{"start":{"line":343,"column":6},"end":{"line":343,"column":47}},"160":{"start":{"line":345,"column":6},"end":{"line":345,"column":18}},"161":{"start":{"line":350,"column":4},"end":{"line":355,"column":5}},"162":{"start":{"line":351,"column":6},"end":{"line":351,"column":51}},"163":{"start":{"line":352,"column":6},"end":{"line":352,"column":40}},"164":{"start":{"line":354,"column":6},"end":{"line":354,"column":27}},"165":{"start":{"line":359,"column":4},"end":{"line":397,"column":7}},"166":{"start":{"line":360,"column":6},"end":{"line":396,"column":7}},"167":{"start":{"line":361,"column":19},"end":{"line":361,"column":63}},"168":{"start":{"line":362,"column":16},"end":{"line":376,"column":39}},"169":{"start":{"line":378,"column":8},"end":{"line":392,"column":11}},"170":{"start":{"line":379,"column":10},"end":{"line":384,"column":13}},"171":{"start":{"line":380,"column":12},"end":{"line":380,"column":21}},"172":{"start":{"line":381,"column":12},"end":{"line":383,"column":13}},"173":{"start":{"line":382,"column":14},"end":{"line":382,"column":74}},"174":{"start":{"line":385,"column":10},"end":{"line":391,"column":11}},"175":{"start":{"line":386,"column":12},"end":{"line":386,"column":64}},"176":{"start":{"line":387,"column":12},"end":{"line":387,"column":21}},"177":{"start":{"line":389,"column":12},"end":{"line":389,"column":72}},"178":{"start":{"line":390,"column":12},"end":{"line":390,"column":26}},"179":{"start":{"line":395,"column":8},"end":{"line":395,"column":17}},"180":{"start":{"line":401,"column":4},"end":{"line":434,"column":7}},"181":{"start":{"line":402,"column":6},"end":{"line":433,"column":7}},"182":{"start":{"line":403,"column":19},"end":{"line":403,"column":63}},"183":{"start":{"line":404,"column":16},"end":{"line":418,"column":43}},"184":{"start":{"line":420,"column":8},"end":{"line":429,"column":11}},"185":{"start":{"line":421,"column":10},"end":{"line":421,"column":19}},"186":{"start":{"line":422,"column":10},"end":{"line":428,"column":11}},"187":{"start":{"line":423,"column":12},"end":{"line":423,"column":64}},"188":{"start":{"line":424,"column":12},"end":{"line":424,"column":21}},"189":{"start":{"line":426,"column":12},"end":{"line":426,"column":75}},"190":{"start":{"line":427,"column":12},"end":{"line":427,"column":26}},"191":{"start":{"line":432,"column":8},"end":{"line":432,"column":17}},"192":{"start":{"line":16,"column":0},"end":{"line":436,"column":1}}},"fnMap":{"0":{"name":"(anonymous_7)","decl":{"start":{"line":18,"column":9},"end":{"line":18,"column":14}},"loc":{"start":{"line":24,"column":24},"end":{"line":54,"column":3}}},"1":{"name":"(anonymous_9)","decl":{"start":{"line":38,"column":14},"end":{"line":38,"column":17}},"loc":{"start":{"line":38,"column":21},"end":{"line":47,"column":9}}},"2":{"name":"(anonymous_10)","decl":{"start":{"line":40,"column":43},"end":{"line":40,"column":44}},"loc":{"start":{"line":40,"column":67},"end":{"line":46,"column":11}}},"3":{"name":"(anonymous_11)","decl":{"start":{"line":48,"column":15},"end":{"line":48,"column":19}},"loc":{"start":{"line":48,"column":23},"end":{"line":52,"column":9}}},"4":{"name":"(anonymous_12)","decl":{"start":{"line":56,"column":9},"end":{"line":56,"column":14}},"loc":{"start":{"line":59,"column":16},"end":{"line":80,"column":3}}},"5":{"name":"(anonymous_14)","decl":{"start":{"line":62,"column":12},"end":{"line":62,"column":13}},"loc":{"start":{"line":62,"column":27},"end":{"line":74,"column":7}}},"6":{"name":"(anonymous_15)","decl":{"start":{"line":66,"column":10},"end":{"line":66,"column":11}},"loc":{"start":{"line":66,"column":32},"end":{"line":73,"column":11}}},"7":{"name":"(anonymous_16)","decl":{"start":{"line":75,"column":13},"end":{"line":75,"column":17}},"loc":{"start":{"line":75,"column":21},"end":{"line":79,"column":7}}},"8":{"name":"(anonymous_17)","decl":{"start":{"line":82,"column":9},"end":{"line":82,"column":14}},"loc":{"start":{"line":86,"column":24},"end":{"line":96,"column":3}}},"9":{"name":"(anonymous_18)","decl":{"start":{"line":88,"column":20},"end":{"line":88,"column":23}},"loc":{"start":{"line":89,"column":8},"end":{"line":89,"column":33}}},"10":{"name":"(anonymous_19)","decl":{"start":{"line":98,"column":9},"end":{"line":98,"column":14}},"loc":{"start":{"line":101,"column":12},"end":{"line":134,"column":3}}},"11":{"name":"(anonymous_21)","decl":{"start":{"line":109,"column":17},"end":{"line":109,"column":18}},"loc":{"start":{"line":109,"column":32},"end":{"line":128,"column":5}}},"12":{"name":"(anonymous_22)","decl":{"start":{"line":111,"column":28},"end":{"line":111,"column":30}},"loc":{"start":{"line":111,"column":33},"end":{"line":127,"column":9}}},"13":{"name":"(anonymous_23)","decl":{"start":{"line":112,"column":29},"end":{"line":112,"column":30}},"loc":{"start":{"line":112,"column":49},"end":{"line":126,"column":11}}},"14":{"name":"(anonymous_24)","decl":{"start":{"line":115,"column":78},"end":{"line":115,"column":79}},"loc":{"start":{"line":115,"column":99},"end":{"line":125,"column":13}}},"15":{"name":"(anonymous_25)","decl":{"start":{"line":130,"column":12},"end":{"line":130,"column":13}},"loc":{"start":{"line":130,"column":16},"end":{"line":130,"column":20}}},"16":{"name":"(anonymous_26)","decl":{"start":{"line":131,"column":13},"end":{"line":131,"column":14}},"loc":{"start":{"line":131,"column":18},"end":{"line":131,"column":48}}},"17":{"name":"(anonymous_27)","decl":{"start":{"line":144,"column":9},"end":{"line":144,"column":14}},"loc":{"start":{"line":147,"column":12},"end":{"line":181,"column":3}}},"18":{"name":"(anonymous_29)","decl":{"start":{"line":155,"column":17},"end":{"line":155,"column":18}},"loc":{"start":{"line":155,"column":32},"end":{"line":175,"column":5}}},"19":{"name":"(anonymous_30)","decl":{"start":{"line":157,"column":28},"end":{"line":157,"column":30}},"loc":{"start":{"line":157,"column":33},"end":{"line":174,"column":9}}},"20":{"name":"(anonymous_31)","decl":{"start":{"line":158,"column":29},"end":{"line":158,"column":36}},"loc":{"start":{"line":158,"column":55},"end":{"line":173,"column":11}}},"21":{"name":"(anonymous_32)","decl":{"start":{"line":158,"column":55},"end":{"line":null,"column":-1}},"loc":{"start":{"line":158,"column":55},"end":{"line":173,"column":11}}},"22":{"name":"(anonymous_33)","decl":{"start":{"line":161,"column":77},"end":{"line":161,"column":78}},"loc":{"start":{"line":161,"column":98},"end":{"line":172,"column":13}}},"23":{"name":"(anonymous_34)","decl":{"start":{"line":177,"column":12},"end":{"line":177,"column":13}},"loc":{"start":{"line":177,"column":16},"end":{"line":177,"column":20}}},"24":{"name":"(anonymous_35)","decl":{"start":{"line":178,"column":13},"end":{"line":178,"column":14}},"loc":{"start":{"line":178,"column":18},"end":{"line":178,"column":48}}},"25":{"name":"(anonymous_36)","decl":{"start":{"line":183,"column":9},"end":{"line":183,"column":14}},"loc":{"start":{"line":183,"column":37},"end":{"line":191,"column":3}}},"26":{"name":"(anonymous_37)","decl":{"start":{"line":193,"column":9},"end":{"line":193,"column":14}},"loc":{"start":{"line":193,"column":52},"end":{"line":225,"column":3}}},"27":{"name":"(anonymous_39)","decl":{"start":{"line":194,"column":29},"end":{"line":194,"column":36}},"loc":{"start":{"line":194,"column":55},"end":{"line":224,"column":5}}},"28":{"name":"(anonymous_40)","decl":{"start":{"line":194,"column":55},"end":{"line":null,"column":-1}},"loc":{"start":{"line":194,"column":55},"end":{"line":224,"column":5}}},"29":{"name":"(anonymous_41)","decl":{"start":{"line":198,"column":14},"end":{"line":198,"column":20}},"loc":{"start":{"line":198,"column":24},"end":{"line":220,"column":9}}},"30":{"name":"(anonymous_42)","decl":{"start":{"line":198,"column":24},"end":{"line":null,"column":-1}},"loc":{"start":{"line":198,"column":24},"end":{"line":220,"column":9}}},"31":{"name":"(anonymous_43)","decl":{"start":{"line":201,"column":18},"end":{"line":201,"column":19}},"loc":{"start":{"line":202,"column":14},"end":{"line":202,"column":55}}},"32":{"name":"(anonymous_44)","decl":{"start":{"line":203,"column":19},"end":{"line":203,"column":23}},"loc":{"start":{"line":203,"column":27},"end":{"line":205,"column":13}}},"33":{"name":"(anonymous_45)","decl":{"start":{"line":208,"column":18},"end":{"line":208,"column":19}},"loc":{"start":{"line":208,"column":34},"end":{"line":212,"column":13}}},"34":{"name":"(anonymous_46)","decl":{"start":{"line":213,"column":19},"end":{"line":213,"column":23}},"loc":{"start":{"line":213,"column":28},"end":{"line":213,"column":86}}},"35":{"name":"(anonymous_47)","decl":{"start":{"line":221,"column":15},"end":{"line":221,"column":19}},"loc":{"start":{"line":221,"column":23},"end":{"line":223,"column":9}}},"36":{"name":"(anonymous_48)","decl":{"start":{"line":227,"column":9},"end":{"line":227,"column":14}},"loc":{"start":{"line":227,"column":59},"end":{"line":240,"column":3}}},"37":{"name":"(anonymous_49)","decl":{"start":{"line":228,"column":23},"end":{"line":228,"column":24}},"loc":{"start":{"line":228,"column":43},"end":{"line":239,"column":5}}},"38":{"name":"(anonymous_50)","decl":{"start":{"line":231,"column":8},"end":{"line":231,"column":9}},"loc":{"start":{"line":231,"column":40},"end":{"line":238,"column":9}}},"39":{"name":"(anonymous_51)","decl":{"start":{"line":242,"column":9},"end":{"line":242,"column":14}},"loc":{"start":{"line":242,"column":48},"end":{"line":249,"column":3}}},"40":{"name":"(anonymous_52)","decl":{"start":{"line":244,"column":12},"end":{"line":244,"column":13}},"loc":{"start":{"line":244,"column":32},"end":{"line":246,"column":7}}},"41":{"name":"(anonymous_53)","decl":{"start":{"line":247,"column":13},"end":{"line":247,"column":17}},"loc":{"start":{"line":248,"column":8},"end":{"line":248,"column":33}}},"42":{"name":"(anonymous_54)","decl":{"start":{"line":250,"column":9},"end":{"line":250,"column":14}},"loc":{"start":{"line":250,"column":39},"end":{"line":262,"column":3}}},"43":{"name":"(anonymous_55)","decl":{"start":{"line":251,"column":23},"end":{"line":251,"column":24}},"loc":{"start":{"line":251,"column":43},"end":{"line":261,"column":5}}},"44":{"name":"(anonymous_56)","decl":{"start":{"line":252,"column":53},"end":{"line":252,"column":54}},"loc":{"start":{"line":252,"column":79},"end":{"line":260,"column":7}}},"45":{"name":"(anonymous_57)","decl":{"start":{"line":264,"column":9},"end":{"line":264,"column":14}},"loc":{"start":{"line":264,"column":56},"end":{"line":276,"column":3}}},"46":{"name":"(anonymous_58)","decl":{"start":{"line":265,"column":23},"end":{"line":265,"column":24}},"loc":{"start":{"line":265,"column":43},"end":{"line":275,"column":5}}},"47":{"name":"(anonymous_59)","decl":{"start":{"line":268,"column":8},"end":{"line":268,"column":9}},"loc":{"start":{"line":268,"column":28},"end":{"line":274,"column":9}}},"48":{"name":"(anonymous_60)","decl":{"start":{"line":278,"column":9},"end":{"line":278,"column":14}},"loc":{"start":{"line":278,"column":48},"end":{"line":320,"column":3}}},"49":{"name":"(anonymous_62)","decl":{"start":{"line":280,"column":23},"end":{"line":280,"column":24}},"loc":{"start":{"line":280,"column":43},"end":{"line":319,"column":5}}},"50":{"name":"(anonymous_63)","decl":{"start":{"line":286,"column":8},"end":{"line":286,"column":15}},"loc":{"start":{"line":286,"column":36},"end":{"line":318,"column":9}}},"51":{"name":"(anonymous_64)","decl":{"start":{"line":286,"column":36},"end":{"line":null,"column":-1}},"loc":{"start":{"line":286,"column":36},"end":{"line":318,"column":9}}},"52":{"name":"(anonymous_65)","decl":{"start":{"line":295,"column":25},"end":{"line":295,"column":27}},"loc":{"start":{"line":295,"column":31},"end":{"line":310,"column":13}}},"53":{"name":"(anonymous_66)","decl":{"start":{"line":297,"column":36},"end":{"line":297,"column":38}},"loc":{"start":{"line":297,"column":41},"end":{"line":309,"column":17}}},"54":{"name":"(anonymous_67)","decl":{"start":{"line":298,"column":37},"end":{"line":298,"column":38}},"loc":{"start":{"line":298,"column":57},"end":{"line":308,"column":19}}},"55":{"name":"(anonymous_68)","decl":{"start":{"line":300,"column":28},"end":{"line":300,"column":29}},"loc":{"start":{"line":300,"column":32},"end":{"line":303,"column":23}}},"56":{"name":"(anonymous_69)","decl":{"start":{"line":304,"column":29},"end":{"line":304,"column":30}},"loc":{"start":{"line":304,"column":33},"end":{"line":307,"column":23}}},"57":{"name":"(anonymous_70)","decl":{"start":{"line":312,"column":20},"end":{"line":312,"column":21}},"loc":{"start":{"line":312,"column":24},"end":{"line":312,"column":28}}},"58":{"name":"(anonymous_71)","decl":{"start":{"line":313,"column":21},"end":{"line":313,"column":22}},"loc":{"start":{"line":313,"column":26},"end":{"line":313,"column":63}}},"59":{"name":"(anonymous_72)","decl":{"start":{"line":322,"column":9},"end":{"line":322,"column":14}},"loc":{"start":{"line":322,"column":60},"end":{"line":347,"column":3}}},"60":{"name":"(anonymous_74)","decl":{"start":{"line":323,"column":35},"end":{"line":323,"column":42}},"loc":{"start":{"line":323,"column":61},"end":{"line":346,"column":5}}},"61":{"name":"(anonymous_75)","decl":{"start":{"line":323,"column":61},"end":{"line":null,"column":-1}},"loc":{"start":{"line":323,"column":61},"end":{"line":346,"column":5}}},"62":{"name":"(anonymous_76)","decl":{"start":{"line":327,"column":13},"end":{"line":327,"column":18}},"loc":{"start":{"line":328,"column":10},"end":{"line":331,"column":62}}},"63":{"name":"(anonymous_77)","decl":{"start":{"line":330,"column":12},"end":{"line":330,"column":13}},"loc":{"start":{"line":331,"column":14},"end":{"line":331,"column":61}}},"64":{"name":"(anonymous_78)","decl":{"start":{"line":333,"column":15},"end":{"line":333,"column":20}},"loc":{"start":{"line":334,"column":12},"end":{"line":336,"column":64}}},"65":{"name":"(anonymous_79)","decl":{"start":{"line":335,"column":14},"end":{"line":335,"column":15}},"loc":{"start":{"line":336,"column":16},"end":{"line":336,"column":63}}},"66":{"name":"(anonymous_80)","decl":{"start":{"line":338,"column":41},"end":{"line":338,"column":42}},"loc":{"start":{"line":338,"column":45},"end":{"line":339,"column":7}}},"67":{"name":"(anonymous_81)","decl":{"start":{"line":339,"column":15},"end":{"line":339,"column":16}},"loc":{"start":{"line":339,"column":19},"end":{"line":341,"column":7}}},"68":{"name":"(anonymous_82)","decl":{"start":{"line":349,"column":9},"end":{"line":349,"column":14}},"loc":{"start":{"line":349,"column":73},"end":{"line":356,"column":3}}},"69":{"name":"(anonymous_83)","decl":{"start":{"line":358,"column":9},"end":{"line":358,"column":14}},"loc":{"start":{"line":358,"column":52},"end":{"line":398,"column":3}}},"70":{"name":"(anonymous_84)","decl":{"start":{"line":359,"column":35},"end":{"line":359,"column":36}},"loc":{"start":{"line":359,"column":55},"end":{"line":397,"column":5}}},"71":{"name":"(anonymous_85)","decl":{"start":{"line":378,"column":22},"end":{"line":378,"column":23}},"loc":{"start":{"line":378,"column":44},"end":{"line":392,"column":9}}},"72":{"name":"(anonymous_86)","decl":{"start":{"line":379,"column":121},"end":{"line":379,"column":122}},"loc":{"start":{"line":379,"column":129},"end":{"line":384,"column":11}}},"73":{"name":"(anonymous_87)","decl":{"start":{"line":400,"column":9},"end":{"line":400,"column":14}},"loc":{"start":{"line":400,"column":58},"end":{"line":435,"column":3}}},"74":{"name":"(anonymous_89)","decl":{"start":{"line":401,"column":35},"end":{"line":401,"column":36}},"loc":{"start":{"line":401,"column":55},"end":{"line":434,"column":5}}},"75":{"name":"(anonymous_90)","decl":{"start":{"line":420,"column":22},"end":{"line":420,"column":23}},"loc":{"start":{"line":420,"column":44},"end":{"line":429,"column":9}}}},"branchMap":{"0":{"loc":{"start":{"line":25,"column":4},"end":{"line":29,"column":5}},"type":"if","locations":[{"start":{"line":25,"column":4},"end":{"line":29,"column":5}},{"start":{"line":25,"column":4},"end":{"line":29,"column":5}}]},"1":{"loc":{"start":{"line":31,"column":4},"end":{"line":53,"column":5}},"type":"if","locations":[{"start":{"line":31,"column":4},"end":{"line":53,"column":5}},{"start":{"line":31,"column":4},"end":{"line":53,"column":5}}]},"2":{"loc":{"start":{"line":42,"column":12},"end":{"line":44,"column":13}},"type":"if","locations":[{"start":{"line":42,"column":12},"end":{"line":44,"column":13}},{"start":{"line":42,"column":12},"end":{"line":44,"column":13}}]},"3":{"loc":{"start":{"line":68,"column":12},"end":{"line":72,"column":13}},"type":"if","locations":[{"start":{"line":68,"column":12},"end":{"line":72,"column":13}},{"start":{"line":68,"column":12},"end":{"line":72,"column":13}}]},"4":{"loc":{"start":{"line":87,"column":4},"end":{"line":90,"column":5}},"type":"if","locations":[{"start":{"line":87,"column":4},"end":{"line":90,"column":5}},{"start":{"line":87,"column":4},"end":{"line":90,"column":5}}]},"5":{"loc":{"start":{"line":94,"column":21},"end":{"line":94,"column":26}},"type":"cond-expr","locations":[{"start":{"line":94,"column":21},"end":{"line":94,"column":26}},{"start":{"line":94,"column":29},"end":{"line":94,"column":31}}]},"6":{"loc":{"start":{"line":116,"column":14},"end":{"line":124,"column":15}},"type":"if","locations":[{"start":{"line":116,"column":14},"end":{"line":124,"column":15}},{"start":{"line":116,"column":14},"end":{"line":124,"column":15}}]},"7":{"loc":{"start":{"line":162,"column":14},"end":{"line":171,"column":15}},"type":"if","locations":[{"start":{"line":162,"column":14},"end":{"line":171,"column":15}},{"start":{"line":162,"column":14},"end":{"line":171,"column":15}}]},"8":{"loc":{"start":{"line":184,"column":4},"end":{"line":186,"column":5}},"type":"if","locations":[{"start":{"line":184,"column":4},"end":{"line":186,"column":5}},{"start":{"line":184,"column":4},"end":{"line":186,"column":5}}]},"9":{"loc":{"start":{"line":188,"column":4},"end":{"line":190,"column":5}},"type":"if","locations":[{"start":{"line":188,"column":4},"end":{"line":190,"column":5}},{"start":{"line":188,"column":4},"end":{"line":190,"column":5}}]},"10":{"loc":{"start":{"line":215,"column":10},"end":{"line":219,"column":11}},"type":"if","locations":[{"start":{"line":215,"column":10},"end":{"line":219,"column":11}},{"start":{"line":215,"column":10},"end":{"line":219,"column":11}}]},"11":{"loc":{"start":{"line":232,"column":10},"end":{"line":234,"column":11}},"type":"if","locations":[{"start":{"line":232,"column":10},"end":{"line":234,"column":11}},{"start":{"line":232,"column":10},"end":{"line":234,"column":11}}]},"12":{"loc":{"start":{"line":253,"column":8},"end":{"line":259,"column":9}},"type":"if","locations":[{"start":{"line":253,"column":8},"end":{"line":259,"column":9}},{"start":{"line":253,"column":8},"end":{"line":259,"column":9}}]},"13":{"loc":{"start":{"line":253,"column":12},"end":{"line":253,"column":17}},"type":"binary-expr","locations":[{"start":{"line":253,"column":12},"end":{"line":253,"column":17}},{"start":{"line":253,"column":21},"end":{"line":253,"column":26}}]},"14":{"loc":{"start":{"line":270,"column":10},"end":{"line":272,"column":11}},"type":"if","locations":[{"start":{"line":270,"column":10},"end":{"line":272,"column":11}},{"start":{"line":270,"column":10},"end":{"line":272,"column":11}}]},"15":{"loc":{"start":{"line":270,"column":14},"end":{"line":270,"column":19}},"type":"binary-expr","locations":[{"start":{"line":270,"column":14},"end":{"line":270,"column":19}},{"start":{"line":270,"column":23},"end":{"line":270,"column":28}}]},"16":{"loc":{"start":{"line":287,"column":10},"end":{"line":317,"column":11}},"type":"if","locations":[{"start":{"line":287,"column":10},"end":{"line":317,"column":11}},{"start":{"line":287,"column":10},"end":{"line":317,"column":11}}]},"17":{"loc":{"start":{"line":381,"column":12},"end":{"line":383,"column":13}},"type":"if","locations":[{"start":{"line":381,"column":12},"end":{"line":383,"column":13}},{"start":{"line":381,"column":12},"end":{"line":383,"column":13}}]},"18":{"loc":{"start":{"line":385,"column":10},"end":{"line":391,"column":11}},"type":"if","locations":[{"start":{"line":385,"column":10},"end":{"line":391,"column":11}},{"start":{"line":385,"column":10},"end":{"line":391,"column":11}}]},"19":{"loc":{"start":{"line":422,"column":10},"end":{"line":428,"column":11}},"type":"if","locations":[{"start":{"line":422,"column":10},"end":{"line":428,"column":11}},{"start":{"line":422,"column":10},"end":{"line":428,"column":11}}]}},"s":{"0":1,"1":1,"2":1,"3":1,"4":1,"5":1,"6":1,"7":1,"8":1,"9":1,"10":1,"11":1,"12":0,"13":0,"14":0,"15":0,"16":0,"17":0,"18":0,"19":0,"20":0,"21":0,"22":0,"23":0,"24":0,"25":0,"26":0,"27":0,"28":0,"29":0,"30":0,"31":0,"32":0,"33":0,"34":0,"35":0,"36":0,"37":0,"38":0,"39":0,"40":0,"41":0,"42":0,"43":0,"44":0,"45":0,"46":0,"47":0,"48":0,"49":0,"50":0,"51":0,"52":0,"53":0,"54":0,"55":0,"56":0,"57":0,"58":0,"59":0,"60":0,"61":0,"62":0,"63":0,"64":0,"65":0,"66":0,"67":0,"68":0,"69":0,"70":0,"71":0,"72":0,"73":0,"74":0,"75":0,"76":0,"77":0,"78":0,"79":0,"80":0,"81":0,"82":0,"83":0,"84":0,"85":0,"86":0,"87":0,"88":0,"89":0,"90":0,"91":0,"92":0,"93":0,"94":0,"95":0,"96":0,"97":0,"98":0,"99":0,"100":0,"101":0,"102":0,"103":0,"104":0,"105":0,"106":0,"107":0,"108":0,"109":0,"110":0,"111":0,"112":0,"113":0,"114":0,"115":0,"116":0,"117":0,"118":0,"119":0,"120":0,"121":0,"122":0,"123":0,"124":0,"125":0,"126":0,"127":0,"128":0,"129":0,"130":0,"131":0,"132":0,"133":0,"134":0,"135":0,"136":0,"137":0,"138":0,"139":0,"140":0,"141":0,"142":0,"143":0,"144":0,"145":0,"146":0,"147":0,"148":0,"149":0,"150":0,"151":0,"152":0,"153":0,"154":0,"155":0,"156":0,"157":0,"158":0,"159":0,"160":0,"161":0,"162":0,"163":0,"164":0,"165":0,"166":0,"167":0,"168":0,"169":0,"170":0,"171":0,"172":0,"173":0,"174":0,"175":0,"176":0,"177":0,"178":0,"179":0,"180":0,"181":0,"182":0,"183":0,"184":0,"185":0,"186":0,"187":0,"188":0,"189":0,"190":0,"191":0,"192":1},"f":{"0":0,"1":0,"2":0,"3":0,"4":0,"5":0,"6":0,"7":0,"8":0,"9":0,"10":0,"11":0,"12":0,"13":0,"14":0,"15":0,"16":0,"17":0,"18":0,"19":0,"20":0,"21":0,"22":0,"23":0,"24":0,"25":0,"26":0,"27":0,"28":0,"29":0,"30":0,"31":0,"32":0,"33":0,"34":0,"35":0,"36":0,"37":0,"38":0,"39":0,"40":0,"41":0,"42":0,"43":0,"44":0,"45":0,"46":0,"47":0,"48":0,"49":0,"50":0,"51":0,"52":0,"53":0,"54":0,"55":0,"56":0,"57":0,"58":0,"59":0,"60":0,"61":0,"62":0,"63":0,"64":0,"65":0,"66":0,"67":0,"68":0,"69":0,"70":0,"71":0,"72":0,"73":0,"74":0,"75":0},"b":{"0":[0,0],"1":[0,0],"2":[0,0],"3":[0,0],"4":[0,0],"5":[0,0],"6":[0,0],"7":[0,0],"8":[0,0],"9":[0,0],"10":[0,0],"11":[0,0],"12":[0,0],"13":[0,0],"14":[0,0],"15":[0,0],"16":[0,0],"17":[0,0],"18":[0,0],"19":[0,0]}}
,"/Users/jonas/Dev/Hobby/Web/wow-auction-helper/server/src/util/locales.ts": {"path":"/Users/jonas/Dev/Hobby/Web/wow-auction-helper/server/src/util/locales.ts","statementMap":{"0":{"start":{"line":6,"column":13},"end":{"line":12,"column":2}},"1":{"start":{"line":8,"column":2},"end":{"line":10,"column":3}},"2":{"start":{"line":9,"column":4},"end":{"line":9,"column":32}},"3":{"start":{"line":11,"column":2},"end":{"line":11,"column":17}}},"fnMap":{"0":{"name":"(anonymous_0)","decl":{"start":{"line":6,"column":25},"end":{"line":6,"column":26}},"loc":{"start":{"line":6,"column":42},"end":{"line":12,"column":1}}}},"branchMap":{"0":{"loc":{"start":{"line":8,"column":2},"end":{"line":10,"column":3}},"type":"if","locations":[{"start":{"line":8,"column":2},"end":{"line":10,"column":3}},{"start":{"line":8,"column":2},"end":{"line":10,"column":3}}]},"1":{"loc":{"start":{"line":8,"column":6},"end":{"line":8,"column":19}},"type":"binary-expr","locations":[{"start":{"line":8,"column":6},"end":{"line":8,"column":19}},{"start":{"line":8,"column":23},"end":{"line":8,"column":43}}]}},"s":{"0":1,"1":0,"2":0,"3":0},"f":{"0":0},"b":{"0":[0,0],"1":[0,0]}}
,"/Users/jonas/Dev/Hobby/Web/wow-auction-helper/server/src/util/logger.ts": {"path":"/Users/jonas/Dev/Hobby/Web/wow-auction-helper/server/src/util/logger.ts","statementMap":{"0":{"start":{"line":1,"column":0},"end":{"line":1,"column":29}},"1":{"start":{"line":2,"column":0},"end":{"line":2,"column":32}},"2":{"start":{"line":5,"column":15},"end":{"line":10,"column":2}},"3":{"start":{"line":12,"column":0},"end":{"line":14,"column":1}},"4":{"start":{"line":13,"column":4},"end":{"line":13,"column":55}},"5":{"start":{"line":16,"column":0},"end":{"line":16,"column":22}}},"fnMap":{},"branchMap":{"0":{"loc":{"start":{"line":7,"column":90},"end":{"line":7,"column":97}},"type":"cond-expr","locations":[{"start":{"line":7,"column":90},"end":{"line":7,"column":97}},{"start":{"line":7,"column":100},"end":{"line":7,"column":107}}]},"1":{"loc":{"start":{"line":12,"column":0},"end":{"line":14,"column":1}},"type":"if","locations":[{"start":{"line":12,"column":0},"end":{"line":14,"column":1}},{"start":{"line":12,"column":0},"end":{"line":14,"column":1}}]}},"s":{"0":1,"1":1,"2":1,"3":1,"4":1,"5":1},"f":{},"b":{"0":[0,1],"1":[1,0]}}
,"/Users/jonas/Dev/Hobby/Web/wow-auction-helper/server/src/util/pet.util.ts": {"path":"/Users/jonas/Dev/Hobby/Web/wow-auction-helper/server/src/util/pet.util.ts","statementMap":{"0":{"start":{"line":2,"column":0},"end":{"line":2,"column":30}},"1":{"start":{"line":3,"column":0},"end":{"line":3,"column":34}},"2":{"start":{"line":4,"column":0},"end":{"line":4,"column":49}},"3":{"start":{"line":5,"column":0},"end":{"line":5,"column":43}},"4":{"start":{"line":6,"column":0},"end":{"line":6,"column":45}},"5":{"start":{"line":7,"column":0},"end":{"line":7,"column":66}},"6":{"start":{"line":8,"column":0},"end":{"line":8,"column":55}},"7":{"start":{"line":9,"column":29},"end":{"line":9,"column":56}},"8":{"start":{"line":17,"column":4},"end":{"line":65,"column":5}},"9":{"start":{"line":18,"column":25},"end":{"line":18,"column":69}},"10":{"start":{"line":19,"column":6},"end":{"line":61,"column":9}},"11":{"start":{"line":20,"column":8},"end":{"line":60,"column":9}},"12":{"start":{"line":21,"column":10},"end":{"line":55,"column":11}},"13":{"start":{"line":22,"column":12},"end":{"line":22,"column":29}},"14":{"start":{"line":23,"column":12},"end":{"line":23,"column":30}},"15":{"start":{"line":25,"column":12},"end":{"line":54,"column":15}},"16":{"start":{"line":26,"column":26},"end":{"line":26,"column":49}},"17":{"start":{"line":27,"column":24},"end":{"line":37,"column":56}},"18":{"start":{"line":39,"column":14},"end":{"line":39,"column":28}},"19":{"start":{"line":40,"column":14},"end":{"line":40,"column":115}},"20":{"start":{"line":42,"column":14},"end":{"line":52,"column":19}},"21":{"start":{"line":44,"column":18},"end":{"line":51,"column":19}},"22":{"start":{"line":45,"column":20},"end":{"line":45,"column":115}},"23":{"start":{"line":47,"column":20},"end":{"line":47,"column":90}},"24":{"start":{"line":48,"column":20},"end":{"line":50,"column":92}},"25":{"start":{"line":49,"column":33},"end":{"line":49,"column":80}},"26":{"start":{"line":50,"column":34},"end":{"line":50,"column":90}},"27":{"start":{"line":53,"column":14},"end":{"line":53,"column":31}},"28":{"start":{"line":57,"column":10},"end":{"line":57,"column":88}},"29":{"start":{"line":58,"column":10},"end":{"line":58,"column":27}},"30":{"start":{"line":59,"column":10},"end":{"line":59,"column":23}},"31":{"start":{"line":63,"column":6},"end":{"line":63,"column":19}},"32":{"start":{"line":64,"column":6},"end":{"line":64,"column":25}},"33":{"start":{"line":69,"column":4},"end":{"line":95,"column":7}},"34":{"start":{"line":70,"column":18},"end":{"line":70,"column":41}},"35":{"start":{"line":71,"column":16},"end":{"line":80,"column":47}},"36":{"start":{"line":82,"column":6},"end":{"line":82,"column":20}},"37":{"start":{"line":83,"column":6},"end":{"line":83,"column":110}},"38":{"start":{"line":85,"column":25},"end":{"line":85,"column":69}},"39":{"start":{"line":86,"column":6},"end":{"line":93,"column":11}},"40":{"start":{"line":88,"column":10},"end":{"line":92,"column":11}},"41":{"start":{"line":89,"column":12},"end":{"line":89,"column":106}},"42":{"start":{"line":91,"column":12},"end":{"line":91,"column":84}},"43":{"start":{"line":94,"column":6},"end":{"line":94,"column":23}},"44":{"start":{"line":101,"column":15},"end":{"line":101,"column":59}},"45":{"start":{"line":102,"column":4},"end":{"line":116,"column":9}},"46":{"start":{"line":108,"column":8},"end":{"line":108,"column":17}},"47":{"start":{"line":109,"column":8},"end":{"line":115,"column":9}},"48":{"start":{"line":110,"column":10},"end":{"line":112,"column":13}},"49":{"start":{"line":114,"column":10},"end":{"line":114,"column":77}},"50":{"start":{"line":120,"column":4},"end":{"line":120,"column":26}},"51":{"start":{"line":121,"column":4},"end":{"line":130,"column":6}},"52":{"start":{"line":135,"column":4},"end":{"line":170,"column":7}},"53":{"start":{"line":136,"column":25},"end":{"line":136,"column":69}},"54":{"start":{"line":137,"column":6},"end":{"line":169,"column":9}},"55":{"start":{"line":137,"column":145},"end":{"line":169,"column":7}},"56":{"start":{"line":138,"column":8},"end":{"line":168,"column":9}},"57":{"start":{"line":139,"column":34},"end":{"line":142,"column":12}},"58":{"start":{"line":144,"column":23},"end":{"line":144,"column":25}},"59":{"start":{"line":145,"column":29},"end":{"line":145,"column":31}},"60":{"start":{"line":146,"column":10},"end":{"line":161,"column":13}},"61":{"start":{"line":147,"column":12},"end":{"line":160,"column":18}},"62":{"start":{"line":149,"column":16},"end":{"line":159,"column":19}},"63":{"start":{"line":150,"column":18},"end":{"line":158,"column":23}},"64":{"start":{"line":152,"column":22},"end":{"line":152,"column":35}},"65":{"start":{"line":153,"column":22},"end":{"line":153,"column":33}},"66":{"start":{"line":156,"column":22},"end":{"line":156,"column":39}},"67":{"start":{"line":157,"column":22},"end":{"line":157,"column":33}},"68":{"start":{"line":162,"column":10},"end":{"line":164,"column":42}},"69":{"start":{"line":164,"column":24},"end":{"line":164,"column":40}},"70":{"start":{"line":165,"column":10},"end":{"line":165,"column":21}},"71":{"start":{"line":167,"column":10},"end":{"line":167,"column":18}},"72":{"start":{"line":174,"column":28},"end":{"line":174,"column":53}},"73":{"start":{"line":175,"column":23},"end":{"line":182,"column":9}},"74":{"start":{"line":176,"column":21},"end":{"line":182,"column":8}},"75":{"start":{"line":177,"column":8},"end":{"line":181,"column":9}},"76":{"start":{"line":178,"column":10},"end":{"line":178,"column":43}},"77":{"start":{"line":180,"column":10},"end":{"line":180,"column":30}},"78":{"start":{"line":183,"column":19},"end":{"line":190,"column":11}},"79":{"start":{"line":184,"column":23},"end":{"line":190,"column":10}},"80":{"start":{"line":185,"column":10},"end":{"line":189,"column":11}},"81":{"start":{"line":186,"column":12},"end":{"line":186,"column":45}},"82":{"start":{"line":188,"column":12},"end":{"line":188,"column":32}},"83":{"start":{"line":192,"column":4},"end":{"line":192,"column":65}},"84":{"start":{"line":194,"column":4},"end":{"line":234,"column":5}},"85":{"start":{"line":195,"column":25},"end":{"line":195,"column":69}},"86":{"start":{"line":196,"column":14},"end":{"line":221,"column":45}},"87":{"start":{"line":223,"column":6},"end":{"line":230,"column":9}},"88":{"start":{"line":224,"column":8},"end":{"line":228,"column":9}},"89":{"start":{"line":225,"column":10},"end":{"line":225,"column":61}},"90":{"start":{"line":227,"column":10},"end":{"line":227,"column":72}},"91":{"start":{"line":229,"column":8},"end":{"line":229,"column":25}},"92":{"start":{"line":235,"column":4},"end":{"line":235,"column":15}},"93":{"start":{"line":11,"column":0},"end":{"line":237,"column":1}}},"fnMap":{"0":{"name":"(anonymous_7)","decl":{"start":{"line":13,"column":9},"end":{"line":13,"column":14}},"loc":{"start":{"line":16,"column":12},"end":{"line":66,"column":3}}},"1":{"name":"(anonymous_8)","decl":{"start":{"line":19,"column":80},"end":{"line":19,"column":89}},"loc":{"start":{"line":19,"column":107},"end":{"line":61,"column":7}}},"2":{"name":"(anonymous_9)","decl":{"start":{"line":25,"column":126},"end":{"line":25,"column":127}},"loc":{"start":{"line":25,"column":144},"end":{"line":54,"column":13}}},"3":{"name":"(anonymous_10)","decl":{"start":{"line":43,"column":16},"end":{"line":43,"column":17}},"loc":{"start":{"line":43,"column":38},"end":{"line":52,"column":17}}},"4":{"name":"(anonymous_11)","decl":{"start":{"line":49,"column":28},"end":{"line":49,"column":29}},"loc":{"start":{"line":49,"column":33},"end":{"line":49,"column":80}}},"5":{"name":"(anonymous_12)","decl":{"start":{"line":50,"column":29},"end":{"line":50,"column":30}},"loc":{"start":{"line":50,"column":34},"end":{"line":50,"column":90}}},"6":{"name":"(anonymous_13)","decl":{"start":{"line":68,"column":9},"end":{"line":68,"column":14}},"loc":{"start":{"line":68,"column":43},"end":{"line":96,"column":3}}},"7":{"name":"(anonymous_14)","decl":{"start":{"line":69,"column":118},"end":{"line":69,"column":119}},"loc":{"start":{"line":69,"column":136},"end":{"line":95,"column":5}}},"8":{"name":"(anonymous_15)","decl":{"start":{"line":87,"column":8},"end":{"line":87,"column":9}},"loc":{"start":{"line":87,"column":30},"end":{"line":93,"column":9}}},"9":{"name":"(anonymous_16)","decl":{"start":{"line":98,"column":9},"end":{"line":98,"column":14}},"loc":{"start":{"line":100,"column":12},"end":{"line":117,"column":3}}},"10":{"name":"(anonymous_17)","decl":{"start":{"line":107,"column":6},"end":{"line":107,"column":7}},"loc":{"start":{"line":107,"column":28},"end":{"line":116,"column":7}}},"11":{"name":"(anonymous_18)","decl":{"start":{"line":119,"column":9},"end":{"line":119,"column":14}},"loc":{"start":{"line":119,"column":29},"end":{"line":131,"column":3}}},"12":{"name":"(anonymous_19)","decl":{"start":{"line":133,"column":9},"end":{"line":133,"column":14}},"loc":{"start":{"line":133,"column":48},"end":{"line":171,"column":3}}},"13":{"name":"(anonymous_21)","decl":{"start":{"line":135,"column":23},"end":{"line":135,"column":24}},"loc":{"start":{"line":135,"column":37},"end":{"line":170,"column":5}}},"14":{"name":"(anonymous_22)","decl":{"start":{"line":137,"column":117},"end":{"line":137,"column":124}},"loc":{"start":{"line":137,"column":145},"end":{"line":169,"column":7}}},"15":{"name":"(anonymous_23)","decl":{"start":{"line":137,"column":145},"end":{"line":null,"column":-1}},"loc":{"start":{"line":137,"column":145},"end":{"line":169,"column":7}}},"16":{"name":"(anonymous_24)","decl":{"start":{"line":146,"column":23},"end":{"line":146,"column":25}},"loc":{"start":{"line":146,"column":29},"end":{"line":161,"column":11}}},"17":{"name":"(anonymous_25)","decl":{"start":{"line":148,"column":34},"end":{"line":148,"column":36}},"loc":{"start":{"line":148,"column":39},"end":{"line":160,"column":15}}},"18":{"name":"(anonymous_26)","decl":{"start":{"line":149,"column":35},"end":{"line":149,"column":36}},"loc":{"start":{"line":149,"column":55},"end":{"line":159,"column":17}}},"19":{"name":"(anonymous_27)","decl":{"start":{"line":151,"column":26},"end":{"line":151,"column":27}},"loc":{"start":{"line":151,"column":30},"end":{"line":154,"column":21}}},"20":{"name":"(anonymous_28)","decl":{"start":{"line":155,"column":27},"end":{"line":155,"column":28}},"loc":{"start":{"line":155,"column":31},"end":{"line":158,"column":21}}},"21":{"name":"(anonymous_29)","decl":{"start":{"line":163,"column":18},"end":{"line":163,"column":19}},"loc":{"start":{"line":163,"column":22},"end":{"line":163,"column":26}}},"22":{"name":"(anonymous_30)","decl":{"start":{"line":164,"column":19},"end":{"line":164,"column":20}},"loc":{"start":{"line":164,"column":24},"end":{"line":164,"column":40}}},"23":{"name":"(anonymous_31)","decl":{"start":{"line":173,"column":9},"end":{"line":173,"column":14}},"loc":{"start":{"line":173,"column":72},"end":{"line":236,"column":3}}},"24":{"name":"(anonymous_33)","decl":{"start":{"line":176,"column":11},"end":{"line":176,"column":16}},"loc":{"start":{"line":176,"column":21},"end":{"line":182,"column":8}}},"25":{"name":"(anonymous_34)","decl":{"start":{"line":176,"column":142},"end":{"line":176,"column":143}},"loc":{"start":{"line":176,"column":154},"end":{"line":182,"column":7}}},"26":{"name":"(anonymous_35)","decl":{"start":{"line":184,"column":13},"end":{"line":184,"column":18}},"loc":{"start":{"line":184,"column":23},"end":{"line":190,"column":10}}},"27":{"name":"(anonymous_36)","decl":{"start":{"line":184,"column":144},"end":{"line":184,"column":145}},"loc":{"start":{"line":184,"column":156},"end":{"line":190,"column":9}}},"28":{"name":"(anonymous_37)","decl":{"start":{"line":192,"column":39},"end":{"line":192,"column":40}},"loc":{"start":{"line":192,"column":43},"end":{"line":192,"column":47}}},"29":{"name":"(anonymous_38)","decl":{"start":{"line":192,"column":55},"end":{"line":192,"column":56}},"loc":{"start":{"line":192,"column":59},"end":{"line":192,"column":63}}},"30":{"name":"(anonymous_39)","decl":{"start":{"line":223,"column":28},"end":{"line":223,"column":29}},"loc":{"start":{"line":223,"column":50},"end":{"line":230,"column":7}}}},"branchMap":{"0":{"loc":{"start":{"line":21,"column":10},"end":{"line":55,"column":11}},"type":"if","locations":[{"start":{"line":21,"column":10},"end":{"line":55,"column":11}},{"start":{"line":21,"column":10},"end":{"line":55,"column":11}}]},"1":{"loc":{"start":{"line":21,"column":14},"end":{"line":21,"column":18}},"type":"binary-expr","locations":[{"start":{"line":21,"column":14},"end":{"line":21,"column":18}},{"start":{"line":21,"column":22},"end":{"line":21,"column":37}}]},"2":{"loc":{"start":{"line":44,"column":18},"end":{"line":51,"column":19}},"type":"if","locations":[{"start":{"line":44,"column":18},"end":{"line":51,"column":19}},{"start":{"line":44,"column":18},"end":{"line":51,"column":19}}]},"3":{"loc":{"start":{"line":88,"column":10},"end":{"line":92,"column":11}},"type":"if","locations":[{"start":{"line":88,"column":10},"end":{"line":92,"column":11}},{"start":{"line":88,"column":10},"end":{"line":92,"column":11}}]},"4":{"loc":{"start":{"line":109,"column":8},"end":{"line":115,"column":9}},"type":"if","locations":[{"start":{"line":109,"column":8},"end":{"line":115,"column":9}},{"start":{"line":109,"column":8},"end":{"line":115,"column":9}}]},"5":{"loc":{"start":{"line":138,"column":8},"end":{"line":168,"column":9}},"type":"if","locations":[{"start":{"line":138,"column":8},"end":{"line":168,"column":9}},{"start":{"line":138,"column":8},"end":{"line":168,"column":9}}]},"6":{"loc":{"start":{"line":224,"column":8},"end":{"line":228,"column":9}},"type":"if","locations":[{"start":{"line":224,"column":8},"end":{"line":228,"column"
[...]
,"/Users/jonas/Dev/Hobby/Web/wow-auction-helper/server/src/util/secrets.ts": {"path":"/Users/jonas/Dev/Hobby/Web/wow-auction-helper/server/src/util/secrets.ts","statementMap":{"0":{"start":{"line":1,"column":0},"end":{"line":1,"column":29}},"1":{"start":{"line":2,"column":0},"end":{"line":2,"column":27}},"2":{"start":{"line":3,"column":0},"end":{"line":3,"column":19}},"3":{"start":{"line":5,"column":0},"end":{"line":8,"column":1}},"4":{"start":{"line":6,"column":4},"end":{"line":6,"column":75}},"5":{"start":{"line":7,"column":4},"end":{"line":7,"column":36}},"6":{"start":{"line":9,"column":13},"end":{"line":9,"column":48}},"7":{"start":{"line":10,"column":13},"end":{"line":10,"column":41}},"8":{"start":{"line":12,"column":13},"end":{"line":13,"column":76}},"9":{"start":{"line":15,"column":13},"end":{"line":25,"column":6}},"10":{"start":{"line":26,"column":0},"end":{"line":29,"column":1}},"11":{"start":{"line":27,"column":4},"end":{"line":27,"column":76}},"12":{"start":{"line":28,"column":4},"end":{"line":28,"column":20}}},"fnMap":{},"branchMap":{"0":{"loc":{"start":{"line":5,"column":0},"end":{"line":8,"column":1}},"type":"if","locations":[{"start":{"line":5,"column":0},"end":{"line":8,"column":1}},{"start":{"line":5,"column":0},"end":{"line":8,"column":1}}]},"1":{"loc":{"start":{"line":13,"column":4},"end":{"line":13,"column":35}},"type":"cond-expr","locations":[{"start":{"line":13,"column":4},"end":{"line":13,"column":35}},{"start":{"line":13,"column":38},"end":{"line":13,"column":75}}]},"2":{"loc":{"start":{"line":15,"column":43},"end":{"line":20,"column":5}},"type":"cond-expr","locations":[{"start":{"line":15,"column":43},"end":{"line":20,"column":5}},{"start":{"line":20,"column":8},"end":{"line":25,"column":5}}]},"3":{"loc":{"start":{"line":26,"column":0},"end":{"line":29,"column":1}},"type":"if","locations":[{"start":{"line":26,"column":0},"end":{"line":29,"column":1}},{"start":{"line":26,"column":0},"end":{"line":29,"column":1}}]}},"s":{"0":1,"1":1,"2":1,"3":1,"4":1,"5":1,"6":1,"7":1,"8":1,"9":1,"10":1,"11":0,"12":0},"f":{},"b":{"0":[1,0],"1":[0,1],"2":[0,1],"3":[0,1]}}
,"/Users/jonas/Dev/Hobby/Web/wow-auction-helper/server/src/util/string.util.ts": {"path":"/Users/jonas/Dev/Hobby/Web/wow-auction-helper/server/src/util/string.util.ts","statementMap":{"0":{"start":{"line":1,"column":13},"end":{"line":8,"column":2}},"1":{"start":{"line":2,"column":2},"end":{"line":6,"column":3}},"2":{"start":{"line":3,"column":4},"end":{"line":5,"column":38}},"3":{"start":{"line":7,"column":2},"end":{"line":7,"column":13}}},"fnMap":{"0":{"name":"(anonymous_0)","decl":{"start":{"line":1,"column":29},"end":{"line":1,"column":30}},"loc":{"start":{"line":1,"column":45},"end":{"line":8,"column":1}}}},"branchMap":{"0":{"loc":{"start":{"line":2,"column":2},"end":{"line":6,"column":3}},"type":"if","locations":[{"start":{"line":2,"column":2},"end":{"line":6,"column":3}},{"start":{"line":2,"column":2},"end":{"line":6,"column":3}}]}},"s":{"0":1,"1":0,"2":0,"3":0},"f":{"0":0},"b":{"0":[0,0]}}
,"/Users/jonas/Dev/Hobby/Web/wow-auction-helper/server/src/util/wowhead.util.ts": {"path":"/Users/jonas/Dev/Hobby/Web/wow-auction-helper/server/src/util/wowhead.util.ts","statementMap":{"0":{"start":{"line":1,"column":0},"end":{"line":9,"column":31}},"1":{"start":{"line":17,"column":18},"end":{"line":17,"column":20}},"2":{"start":{"line":18,"column":4},"end":{"line":32,"column":5}},"3":{"start":{"line":19,"column":6},"end":{"line":19,"column":25}},"4":{"start":{"line":20,"column":6},"end":{"line":20,"column":54}},"5":{"start":{"line":22,"column":6},"end":{"line":22,"column":64}},"6":{"start":{"line":23,"column":6},"end":{"line":23,"column":68}},"7":{"start":{"line":24,"column":6},"end":{"line":24,"column":56}},"8":{"start":{"line":26,"column":6},"end":{"line":26,"column":46}},"9":{"start":{"line":27,"column":6},"end":{"line":27,"column":52}},"10":{"start":{"line":28,"column":6},"end":{"line":28,"column":62}},"11":{"start":{"line":29,"column":6},"end":{"line":29,"column":54}},"12":{"start":{"line":31,"column":6},"end":{"line":31,"column":50}},"13":{"start":{"line":34,"column":4},"end":{"line":34,"column":14}},"14":{"start":{"line":38,"column":27},"end":{"line":38,"column":79}},"15":{"start":{"line":39,"column":16},"end":{"line":39,"column":41}},"16":{"start":{"line":40,"column":4},"end":{"line":42,"column":5}},"17":{"start":{"line":41,"column":6},"end":{"line":41,"column":87}},"18":{"start":{"line":43,"column":4},"end":{"line":43,"column":13}},"19":{"start":{"line":47,"column":27},"end":{"line":47,"column":107}},"20":{"start":{"line":48,"column":17},"end":{"line":48,"column":53}},"21":{"start":{"line":49,"column":28},"end":{"line":49,"column":53}},"22":{"start":{"line":50,"column":4},"end":{"line":52,"column":5}},"23":{"start":{"line":51,"column":6},"end":{"line":51,"column":16}},"24":{"start":{"line":53,"column":22},"end":{"line":55,"column":31}},"25":{"start":{"line":57,"column":4},"end":{"line":67,"column":7}},"26":{"start":{"line":58,"column":6},"end":{"line":58,"column":48}},"27":{"start":{"line":59,"column":6},"end":{"line":59,"column":25}},"28":{"start":{"line":60,"column":6},"end":{"line":60,"column":25}},"29":{"start":{"line":61,"column":6},"end":{"line":61,"column":23}},"30":{"start":{"line":62,"column":6},"end":{"line":62,"column":27}},"31":{"start":{"line":63,"column":6},"end":{"line":63,"column":25}},"32":{"start":{"line":64,"column":6},"end":{"line":64,"column":29}},"33":{"start":{"line":65,"column":6},"end":{"line":65,"column":24}},"34":{"start":{"line":66,"column":6},"end":{"line":66,"column":51}},"35":{"start":{"line":69,"column":4},"end":{"line":69,"column":21}},"36":{"start":{"line":73,"column":27},"end":{"line":73,"column":111}},"37":{"start":{"line":74,"column":17},"end":{"line":74,"column":53}},"38":{"start":{"line":75,"column":28},"end":{"line":75,"column":53}},"39":{"start":{"line":76,"column":4},"end":{"line":78,"column":5}},"40":{"start":{"line":77,"column":6},"end":{"line":77,"column":16}},"41":{"start":{"line":79,"column":22},"end":{"line":81,"column":31}},"42":{"start":{"line":83,"column":4},"end":{"line":93,"column":7}},"43":{"start":{"line":84,"column":6},"end":{"line":84,"column":48}},"44":{"start":{"line":85,"column":6},"end":{"line":85,"column":25}},"45":{"start":{"line":86,"column":6},"end":{"line":86,"column":25}},"46":{"start":{"line":87,"column":6},"end":{"line":87,"column":23}},"47":{"start":{"line":88,"column":6},"end":{"line":88,"column":27}},"48":{"start":{"line":89,"column":6},"end":{"line":89,"column":25}},"49":{"start":{"line":90,"column":6},"end":{"line":90,"column":29}},"50":{"start":{"line":91,"column":6},"end":{"line":91,"column":24}},"51":{"start":{"line":92,"column":6},"end":{"line":92,"column":51}},"52":{"start":{"line":95,"column":4},"end":{"line":95,"column":21}},"53":{"start":{"line":99,"column":4},"end":{"line":99,"column":63}},"54":{"start":{"line":103,"column":27},"end":{"line":103,"column":105}},"55":{"start":{"line":104,"column":17},"end":{"line":104,"column":53}},"56":{"start":{"line":105,"column":28},"end":{"line":105,"column":53}},"57":{"start":{"line":107,"column":4},"end":{"line":109,"column":5}},"58":{"start":{"line":108,"column":6},"end":{"line":108,"column":16}},"59":{"start":{"line":111,"column":4},"end":{"line":125,"column":5}},"60":{"start":{"line":112,"column":6},"end":{"line":114,"column":34}},"61":{"start":{"line":116,"column":6},"end":{"line":122,"column":9}},"62":{"start":{"line":117,"column":8},"end":{"line":117,"column":47}},"63":{"start":{"line":118,"column":8},"end":{"line":118,"column":28}},"64":{"start":{"line":119,"column":8},"end":{"line":119,"column":33}},"65":{"start":{"line":120,"column":8},"end":{"line":120,"column":34}},"66":{"start":{"line":121,"column":8},"end":{"line":121,"column":51}},"67":{"start":{"line":124,"column":6},"end":{"line":124,"column":43}},"68":{"start":{"line":127,"column":4},"end":{"line":127,"column":21}},"69":{"start":{"line":131,"column":24},"end":{"line":131,"column":99}},"70":{"start":{"line":132,"column":17},"end":{"line":132,"column":53}},"71":{"start":{"line":133,"column":25},"end":{"line":133,"column":47}},"72":{"start":{"line":134,"column":4},"end":{"line":136,"column":5}},"73":{"start":{"line":135,"column":6},"end":{"line":135,"column":16}},"74":{"start":{"line":138,"column":21},"end":{"line":140,"column":49}},"75":{"start":{"line":142,"column":6},"end":{"line":149,"column":7}},"76":{"start":{"line":143,"column":8},"end":{"line":148,"column":11}},"77":{"start":{"line":144,"column":10},"end":{"line":144,"column":39}},"78":{"start":{"line":145,"column":10},"end":{"line":145,"column":36}},"79":{"start":{"line":146,"column":10},"end":{"line":146,"column":26}},"80":{"start":{"line":147,"column":10},"end":{"line":147,"column":53}},"81":{"start":{"line":150,"column":4},"end":{"line":150,"column":18}},"82":{"start":{"line":154,"column":4},"end":{"line":159,"column":5}},"83":{"start":{"line":155,"column":6},"end":{"line":155,"column":45}},"84":{"start":{"line":156,"column":6},"end":{"line":156,"column":41}},"85":{"start":{"line":158,"column":6},"end":{"line":158,"column":35}},"86":{"start":{"line":164,"column":29},"end":{"line":164,"column":110}},"87":{"start":{"line":165,"column":17},"end":{"line":165,"column":53}},"88":{"start":{"line":166,"column":30},"end":{"line":166,"column":57}},"89":{"start":{"line":167,"column":4},"end":{"line":169,"column":5}},"90":{"start":{"line":168,"column":6},"end":{"line":168,"column":16}},"91":{"start":{"line":170,"column":30},"end":{"line":171,"column":30}},"92":{"start":{"line":172,"column":24},"end":{"line":172,"column":69}},"93":{"start":{"line":173,"column":4},"end":{"line":183,"column":5}},"94":{"start":{"line":174,"column":6},"end":{"line":182,"column":9}},"95":{"start":{"line":175,"column":8},"end":{"line":175,"column":38}},"96":{"start":{"line":176,"column":8},"end":{"line":176,"column":27}},"97":{"start":{"line":177,"column":8},"end":{"line":177,"column":27}},"98":{"start":{"line":178,"column":8},"end":{"line":178,"column":29}},"99":{"start":{"line":179,"column":8},"end":{"line":179,"column":25}},"100":{"start":{"line":180,"column":8},"end":{"line":180,"column":26}},"101":{"start":{"line":181,"column":8},"end":{"line":181,"column":53}},"102":{"start":{"line":184,"column":4},"end":{"line":184,"column":23}},"103":{"start":{"line":188,"column":27},"end":{"line":188,"column":113}},"104":{"start":{"line":189,"column":13},"end":{"line":189,"column":49}},"105":{"start":{"line":190,"column":24},"end":{"line":190,"column":49}},"106":{"start":{"line":191,"column":4},"end":{"line":193,"column":5}},"107":{"start":{"line":192,"column":6},"end":{"line":192,"column":16}},"108":{"start":{"line":195,"column":18},"end":{"line":197,"column":31}},"109":{"start":{"line":200,"column":4},"end":{"line":207,"column":7}},"110":{"start":{"line":201,"column":6},"end":{"line":201,"column":48}},"111":{"start":{"line":202,"column":6},"end":{"line":202,"column":25}},"112":{"start":{"line":203,"column":6},"end":{"line":203,"column":25}},"113":{"start":{"line":204,"column":6},"end":{"line":204,"column":27}},"114":{"start":{"line":205,"column":6},"end":{"line":205,"column":24}},"115":{"start":{"line":206,"column":6},"end":{"line":206,"column":51}},"116":{"start":{"line":209,"column":4},"end":{"line":209,"column":17}},"117":{"start":{"line":213,"column":27},"end":{"line":213,"column":117}},"118":{"start":{"line":214,"column":17},"end":{"line":214,"column":53}},"119":{"start":{"line":215,"column":28},"end":{"line":215,"column":53}},"120":{"start":{"line":216,"column":4},"end":{"line":218,"column":5}},"121":{"start":{"line":217,"column":6},"end":{"line":217,"column":16}},"122":{"start":{"line":219,"column":18},"end":{"line":221,"column":31}},"123":{"start":{"line":224,"column":4},"end":{"line":229,"column":7}},"124":{"start":{"line":225,"column":6},"end":{"line":225,"column":48}},"125":{"start":{"line":226,"column":6},"end":{"line":226,"column":30}},"126":{"start":{"line":227,"column":6},"end":{"line":227,"column":23}},"127":{"start":{"line":228,"column":6},"end":{"line":228,"column":51}},"128":{"start":{"line":230,"column":4},"end":{"line":230,"column":17}},"129":{"start":{"line":234,"column":4},"end":{"line":234,"column":44}},"130":{"start":{"line":14,"column":9},"end":{"line":14,"column":67}},"131":{"start":{"line":12,"column":0},"end":{"line":236,"column":1}}},"fnMap":{"0":{"name":"(anonymous_0)","decl":{"start":{"line":16,"column":9},"end":{"line":16,"column":14}},"loc":{"start":{"line":16,"column":41},"end":{"line":35,"column":3}}},"1":{"name":"(anonymous_1)","decl":{"start":{"line":37,"column":9},"end":{"line":37,"column":14}},"loc":{"start":{"line":37,"column":41},"end":{"line":44,"column":3}}},"2":{"name":"(anonymous_2)","decl":{"start":{"line":46,"column":9},"end":{"line":46,"column":14}},"loc":{"start":{"line":46,"column":42},"end":{"line":70,"column":3}}},"3":{"name":"(anonymous_3)","decl":{"start":{"line":57,"column":22},"end":{"line":57,"column":23}},"loc":{"start":{"line":57,"column":54},"end":{"line":67,"column":5}}},"4":{"name":"(anonymous_4)","decl":{"start":{"line":72,"column":9},"end":{"line":72,"column":14}},"loc":{"start":{"line":72,"column":46},"end":{"line":96,"column":3}}},"5":{"name":"(anonymous_5)","decl":{"start":{"line":83,"column":22},"end":{"line":83,"column":23}},"loc":{"start":{"line":83,"column":54},"end":{"line":93,"column":5}}},"6":{"name":"(anonymous_6)","decl":{"start":{"line":98,"column":9},"end":{"line":98,"column":14}},"loc":{"start":{"line":98,"column":42},"end":{"line":100,"column":3}}},"7":{"name":"(anonymous_7)","decl":{"start":{"line":102,"column":9},"end":{"line":102,"column":14}},"loc":{"start":{"line":102,"column":42},"end":{"line":128,"column":3}}},"8":{"name":"(anonymous_8)","decl":{"start":{"line":116,"column":24},"end":{"line":116,"column":25}},"loc":{"start":{"line":116,"column":50},"end":{"line":122,"column":7}}},"9":{"name":"(anonymous_9)","decl":{"start":{"line":130,"column":9},"end":{"line":130,"column":14}},"loc":{"start":{"line":130,"column":38},"end":{"line":151,"column":3}}},"10":{"name":"(anonymous_10)","decl":{"start":{"line":143,"column":23},"end":{"line":143,"column":24}},"loc":{"start":{"line":143,"column":46},"end":{"line":148,"column":9}}},"11":{"name":"(anonymous_11)","decl":{"start":{"line":153,"column":9},"end":{"line":153,"column":14}},"loc":{"start":{"line":153,"column":39},"end":{"line":160,"column":3}}},"12":{"name":"(anonymous_12)","decl":{"start":{"line":162,"column":9},"end":{"line":162,"column":14}},"loc":{"start":{"line":162,"column":43},"end":{"line":185,"column":3}}},"13":{"name":"(anonymous_13)","decl":{"start":{"line":174,"column":26},"end":{"line":174,"column":27}},"loc":{"start":{"line":174,"column":55},"end":{"line":182,"column":7}}},"14":{"name":"(anonymous_14)","decl":{"start":{"line":187,"column":9},"end":{"line":187,"column":14}},"loc":{"start":{"line":187,"column":47},"end":{"line":210,"column":3}}},"15":{"name":"(anonymous_15)","decl":{"start":{"line":200,"column":18},"end":{"line":200,"column":19}},"loc":{"start":{"line":200,"column":51},"end":{"line":207,"column":5}}},"16":{"name":"(anonymous_16)","decl":{"start":{"line":212,"column":9},"end":{"line":212,"column":14}},"loc":{"start":{"line":212,"column":49},"end":{"line":231,"column":3}}},"17":{"name":"(anonymous_17)","decl":{"start":{"line":224,"column":18},"end":{"line":224,"column":19}},"loc":{"start":{"line":224,"column":53},"end":{"line":229,"column":5}}},"18":{"name":"(anonymous_18)","decl":{"start":{"line":233,"column":9},"end":{"line":233,"column":14}},"loc":{"start":{"line":233,"column":38},"end":{"line":235,"column":3}}}},"branchMap":{"0":{"loc":{"start":{"line":40,"column":4},"end":{"line":42,"column":5}},"type":"if","locations":[{"start":{"line":40,"column":4},"end":{"line":42,"column":5}},{"start":{"line":40,"column":4},"end":{"line":42,"column":5}}]},"1":{"loc":{"start":{"line":40,"column":8},"end":{"line":40,"column":15}},"type":"binary-expr","locations":[{"start":{"line":40,"column":8},"end":{"line":40,"column":15}},{"start":{"line":40,"column":19},"end":{"line":40,"column":29}}]},"2":{"loc":{"start":{"line":50,"column":4},"end":{"line":52,"column":5}},"type":"if","locations":[{"start":{"line":50,"column":4},"end":{"line":52,"column":5}},{"start":{"line":50,"column":4},"end":{"line":52,"column":5}}]},"3":{"loc":{"start":{"line":76,"column":4},"end":{"line":78,"column":5}},"type":"if","locations":[{"start":{"line":76,"column":4},"end":{"line":78,"column":5}},{"start":{"line":76,"column":4},"end":{"line":78,"column":5}}]},"4":{"loc":{"start":{"line":107,"column":4},"end":{"line":109,"column":5}},"type":"if","locations":[{"start":{"line":107,"column":4},"end":{"line":109,"column":5}},{"start":{"line":107,"column":4},"end":{"line":109,"column":5}}]},"5":{"loc":{"start":{"line":134,"column":4},"end":{"line":136,"column":5}},"type":"if","locations":[{"start":{"line":134,"column":4},"end":{"line":136,"column":5}},{"start":{"line":134,"column":4},"end":{"line":136,"column":5}}]},"6":{"loc":{"start":{"line":142,"column":6},"end":{"line":149,"column":7}},"type":"if","locations":[{"start":{"line":142,"column":6},"end":{"line":149,"column":7}},{"start":{"line":142,"column":6},"end":{"line":149,"column":7}}]},"7":{"loc":{"start":{"line":154,"column":4},"end":{"line":159,"column":5}},"type":"if","locations":[{"start":{"line":154,"column":4},"end":{"line":159,"column":5}},{"start":{"line":154,"column":4},"end":{"line":159,"column":5}}]},"8":{"loc":{"start":{"line":154,"column":9},"end":{"line":154,"column":46}},"type":"binary-expr","locations":[{"start":{"line":154,"column":9},"end":{"line":154,"column":46}},{"start":{"line":154,"column":50},"end":{"line":154,"column":64}},{"start":{"line":154,"column":68},"end":{"line":154,"column":85}}]},"9":{"loc":{"start":{"line":167,"column":4},"end":{"line":169,"column":5}},"type":"if","locations":[{"start":{"line":167,"column":4},"end":{"line":169,"column":5}},{"start":{"line":167,"column":4},"end":{"line":169,"column":5}}]},"10":{"loc":{"start":{"line":173,"column":4},"end":{"line":183,"column":5}},"type":"if","locations":[{"start":{"line":173,"column":4},"end":{"line":183,"column":5}},{"start":{"line":173,"column":4},"end":{"line":183,"column":5}}]},"11":{"loc":{"start":{"line":191,"column":4},"end":{"line":193,"column":5}},"type":"if","locations":[{"start":{"line":191,"column":4},"end":{"line":193,"column":5}},{"start":{"line":191,"column":4},"end":{"line":193,"column":5}}]},"12":{"loc":{"start":{"line":216,"column":4},"end":{"line":218,"column":5}},"type":"if","locations":[{"start":{"line":216,"column":4},"end":{"line":218,"column":5}},{"start":{"line":216,"column":4},"end":{"line":218,"column":5}}]}},"s":{"0":2,"1":0,"2":0,"3":0,"4":0,"5":0,"6":0,"7":0,"8":0,"9":0,"10":0,"11":0,"12":0,"13":0,"14":0,"15":0,"16":0,"17":0,"18":0,"19":1,"20":1,"21":1,"22":1,"23":0,"24":1,"25":1,"26":2,"27":2,"28":2,"29":2,"30":2,"31":2,"32":2,"33":2,"34":2,"35":1,"36":1,"37":1,"38":1,"39":1,"40":0,"41":1,"42":1,"43":2,"44":2,"45":2,"46":2,"47":2,"48":2,"49":2,"50":2,"51":2,"52":1,"53":7,"54":1,"55":1,"56":1,"57":1,"58":0,"59":1,"60":1,"61":1,"62":18,"63":18,"64":18,"65":18,"66":18,"67":0,"68":1,"69":1,"70":1,"71":1,"72":1,"73":0,"74":1,"75":1,"76":1,"77":2,"78":2,"79":2,"80":2,"81":1,"82":4,"83":4,"84":4,"85":0,"86":1,"87":1,"88":1,"89":1,"90":0,"91":1,"92":1,"93":1,"94":1,"95":2,"96":2,"97":2,"98":2,"99":2,"100":2,"101":2,"102":1,"103":1,"104":1,"105":1,"106":1,"107":0,"108":1,"109":1,"110":1,"111":1,"112":1,"113":1,"114":1,"115":1,"116":1,"117":1,"118":1,"119":1,"120":1,"121":0,"122":1,"123":1,"124":30,"125":30,"126":30,"127":30,"128":1,"129":57,"130":2,"131":2},"f":{"0":0,"1":0,"2":1,"3":2,"4":1,"5":2,"6":7,"7":1,"8":18,"9":1,"10":2,"11":4,"12":1,"13":2,"14":1,"15":1,"16":1,"17":30,"18":57},"b":{"0":[0,0],"1":[0,0],"2":[0,1],"3":[0,1],"4":[0,1],"5":[0,1],"6":[1,0],"7":[4,0],"8":[4,4,4],"9":[0,1],"10":[1,0],"11":[0,1],"12":[0,1]}}
}
