TN:
SF:/Users/jonas/Dev/Hobby/Web/wow-auction-helper/server/src/app.ts
FN:38,(anonymous_2)
FN:87,(anonymous_3)
FN:101,(anonymous_4)
FNF:3
FNH:1
FNDA:1,(anonymous_2)
FNDA:0,(anonymous_3)
FNDA:0,(anonymous_4)
DA:1,1
DA:2,1
DA:3,1
DA:5,1
DA:6,1
DA:8,1
DA:9,1
DA:10,1
DA:14,1
DA:17,1
DA:18,1
DA:19,1
DA:20,1
DA:21,1
DA:24,1
DA:27,1
DA:28,1
DA:29,1
DA:30,1
DA:31,1
DA:32,1
DA:36,1
DA:37,1
DA:38,1
DA:39,1
DA:40,1
DA:41,1
DA:44,1
DA:52,1
DA:54,1
DA:56,1
DA:57,1
DA:62,1
DA:63,1
DA:64,1
DA:65,1
DA:66,1
DA:67,1
DA:68,1
DA:69,1
DA:71,1
DA:72,1
DA:73,1
DA:75,1
DA:76,1
DA:77,1
DA:78,1
DA:79,1
DA:81,1
DA:82,1
DA:87,1
DA:88,0
DA:89,0
DA:90,0
DA:92,0
DA:94,0
DA:95,0
DA:96,0
DA:101,1
DA:102,0
DA:103,0
DA:106,1
LF:62
LH:53
BRDA:27,0,0,1
BRDA:27,0,1,1
BRDA:54,1,0,1
BRDA:54,1,1,0
BRDA:89,2,0,0
BRDA:89,2,1,0
BRDA:94,3,0,0
BRDA:94,3,1,0
BRDA:94,4,0,0
BRDA:94,4,1,0
BRF:10
BRH:3
end_of_record
TN:
SF:/Users/jonas/Dev/Hobby/Web/wow-auction-helper/server/src/bfa-recipe-list.ts
FNF:0
FNH:0
DA:1,1
DA:2,1
DA:539,1
DA:541,1
LF:4
LH:4
BRF:0
BRH:0
end_of_record
TN:
SF:/Users/jonas/Dev/Hobby/Web/wow-auction-helper/server/src/controllers/api.ts
FN:13,(anonymous_0)
FNF:1
FNH:1
FNDA:1,(anonymous_0)
DA:13,1
DA:14,1
LF:2
LH:2
BRF:0
BRH:0
end_of_record
TN:
SF:/Users/jonas/Dev/Hobby/Web/wow-auction-helper/server/src/controllers/auction.controller.ts
FN:8,(anonymous_0)
FN:13,(anonymous_1)
FNF:2
FNH:0
FNDA:0,(anonymous_0)
FNDA:0,(anonymous_1)
DA:2,1
DA:8,1
DA:9,0
DA:12,1
DA:14,0
LF:5
LH:3
BRF:0
BRH:0
end_of_record
TN:
SF:/Users/jonas/Dev/Hobby/Web/wow-auction-helper/server/src/controllers/item.controller.ts
FN:10,(anonymous_7)
FN:10,(anonymous_8)
FN:18,(anonymous_9)
FN:22,(anonymous_10)
FN:22,(anonymous_11)
FN:31,(anonymous_12)
FN:38,(anonymous_13)
FN:46,(anonymous_14)
FN:54,(anonymous_15)
FN:58,(anonymous_16)
FN:64,(anonymous_17)
FN:73,(anonymous_18)
FN:73,(anonymous_19)
FN:77,(anonymous_20)
FN:83,(anonymous_21)
FN:83,(anonymous_22)
FN:89,(anonymous_23)
FNF:17
FNH:0
FNDA:0,(anonymous_7)
FNDA:0,(anonymous_8)
FNDA:0,(anonymous_9)
FNDA:0,(anonymous_10)
FNDA:0,(anonymous_11)
FNDA:0,(anonymous_12)
FNDA:0,(anonymous_13)
FNDA:0,(anonymous_14)
FNDA:0,(anonymous_15)
FNDA:0,(anonymous_16)
FNDA:0,(anonymous_17)
FNDA:0,(anonymous_18)
FNDA:0,(anonymous_19)
FNDA:0,(anonymous_20)
FNDA:0,(anonymous_21)
FNDA:0,(anonymous_22)
FNDA:0,(anonymous_23)
DA:2,1
DA:4,1
DA:5,1
DA:6,1
DA:7,1
DA:8,1
DA:10,1
DA:11,0
DA:12,0
DA:19,0
DA:22,1
DA:23,0
DA:24,0
DA:31,1
DA:32,0
DA:33,0
DA:39,0
DA:46,1
DA:47,0
DA:48,0
DA:55,0
DA:58,1
DA:59,0
DA:60,0
DA:65,0
DA:66,0
DA:68,0
DA:73,1
DA:74,0
DA:75,0
DA:78,0
DA:79,0
DA:83,1
DA:84,0
DA:86,0
DA:89,1
DA:90,0
LF:37
LH:14
BRDA:65,0,0,0
BRDA:65,0,1,0
BRDA:65,1,0,0
BRDA:65,1,1,0
BRF:4
BRH:0
end_of_record
TN:
SF:/Users/jonas/Dev/Hobby/Web/wow-auction-helper/server/src/controllers/pet.controller.ts
FN:7,(anonymous_0)
FN:15,(anonymous_1)
FN:22,(anonymous_2)
FNF:3
FNH:0
FNDA:0,(anonymous_0)
FNDA:0,(anonymous_1)
FNDA:0,(anonymous_2)
DA:2,1
DA:7,1
DA:8,0
DA:15,1
DA:16,0
DA:22,1
DA:23,0
LF:7
LH:4
BRF:0
BRH:0
end_of_record
TN:
SF:/Users/jonas/Dev/Hobby/Web/wow-auction-helper/server/src/controllers/recipe.controller.ts
FN:9,(anonymous_0)
FN:17,(anonymous_1)
FN:21,(anonymous_2)
FNF:3
FNH:0
FNDA:0,(anonymous_0)
FNDA:0,(anonymous_1)
FNDA:0,(anonymous_2)
DA:2,1
DA:3,1
DA:9,1
DA:10,0
DA:17,1
DA:18,0
DA:21,1
DA:22,0
LF:8
LH:5
BRF:0
BRH:0
end_of_record
TN:
SF:/Users/jonas/Dev/Hobby/Web/wow-auction-helper/server/src/models/crafting/recipe.ts
FN:3,(anonymous_0)
FNF:1
FNH:0
FNDA:0,(anonymous_0)
DA:3,1
DA:6,0
DA:19,0
DA:20,0
DA:21,0
DA:22,0
DA:23,0
DA:24,0
LF:8
LH:1
BRF:0
BRH:0
end_of_record
TN:
SF:/Users/jonas/Dev/Hobby/Web/wow-auction-helper/server/src/models/item/item-locale.ts
FN:14,(anonymous_0)
FNF:1
FNH:0
FNDA:0,(anonymous_0)
DA:1,1
DA:14,0
LF:2
LH:1
BRF:0
BRH:0
end_of_record
TN:
SF:/Users/jonas/Dev/Hobby/Web/wow-auction-helper/server/src/models/item/item.ts
FN:23,(anonymous_0)
FNF:1
FNH:0
FNDA:0,(anonymous_0)
DA:3,1
DA:5,1
DA:7,0
DA:8,0
DA:13,0
DA:14,0
DA:24,0
DA:25,0
DA:26,0
DA:27,0
DA:28,0
DA:29,0
DA:30,0
DA:31,0
DA:32,0
DA:33,0
DA:34,0
DA:35,0
DA:36,0
LF:19
LH:2
BRDA:24,0,0,0
BRDA:24,0,1,0
BRF:2
BRH:0
end_of_record
TN:
SF:/Users/jonas/Dev/Hobby/Web/wow-auction-helper/server/src/models/item/wowdb.ts
FN:18,(anonymous_0)
FNF:1
FNH:0
FNDA:0,(anonymous_0)
DA:3,1
DA:19,0
DA:20,0
DA:21,0
DA:25,1
LF:5
LH:2
BRDA:19,0,0,0
BRDA:19,0,1,0
BRDA:21,1,0,0
BRDA:21,1,1,0
BRF:4
BRH:0
end_of_record
TN:
SF:/Users/jonas/Dev/Hobby/Web/wow-auction-helper/server/src/models/item/wowhead.ts
FNF:0
FNH:0
DA:1,2
DA:16,2
DA:29,2
DA:31,2
DA:33,2
DA:48,2
DA:65,2
DA:68,2
DA:83,2
DA:93,2
DA:111,2
DA:118,2
DA:120,2
LF:13
LH:13
BRF:0
BRH:0
end_of_record
TN:
SF:/Users/jonas/Dev/Hobby/Web/wow-auction-helper/server/src/queries/item.query.ts
FN:5,(anonymous_0)
FN:7,(anonymous_1)
FN:27,(anonymous_2)
FNF:3
FNH:0
FNDA:0,(anonymous_0)
FNDA:0,(anonymous_1)
FNDA:0,(anonymous_2)
DA:2,1
DA:4,1
DA:6,0
DA:7,0
DA:8,0
DA:9,0
DA:10,0
DA:11,0
DA:12,0
DA:15,0
DA:19,0
DA:28,0
LF:12
LH:2
BRDA:8,0,0,0
BRDA:8,0,1,0
BRDA:9,1,0,0
BRDA:9,1,1,0
BRDA:11,2,0,0
BRDA:11,2,1,0
BRDA:44,3,0,0
BRDA:44,3,1,0
BRDA:46,4,0,0
BRDA:46,4,1,0
BRF:10
BRH:0
end_of_record
TN:
SF:/Users/jonas/Dev/Hobby/Web/wow-auction-helper/server/src/util/auction.util.ts
FN:14,(anonymous_0)
FN:27,(anonymous_1)
FN:40,(anonymous_2)
FN:41,(anonymous_3)
FN:49,(anonymous_4)
FNF:5
FNH:0
FNDA:0,(anonymous_0)
FNDA:0,(anonymous_1)
FNDA:0,(anonymous_2)
FNDA:0,(anonymous_3)
FNDA:0,(anonymous_4)
DA:9,1
DA:10,1
DA:11,1
DA:13,1
DA:15,0
DA:17,0
DA:18,0
DA:20,0
DA:28,0
DA:41,0
DA:42,0
DA:43,0
DA:44,0
DA:45,0
DA:49,0
DA:50,0
DA:51,0
DA:54,0
DA:55,0
DA:65,0
LF:20
LH:4
BRDA:17,0,0,0
BRDA:17,0,1,0
BRDA:17,1,0,0
BRDA:17,1,1,0
BRDA:50,2,0,0
BRDA:50,2,1,0
BRF:6
BRH:0
end_of_record
TN:
SF:/Users/jonas/Dev/Hobby/Web/wow-auction-helper/server/src/util/item.util.ts
FN:18,(anonymous_7)
FN:38,(anonymous_9)
FN:40,(anonymous_10)
FN:48,(anonymous_11)
FN:56,(anonymous_12)
FN:62,(anonymous_14)
FN:66,(anonymous_15)
FN:75,(anonymous_16)
FN:82,(anonymous_17)
FN:88,(anonymous_18)
FN:98,(anonymous_19)
FN:109,(anonymous_21)
FN:111,(anonymous_22)
FN:112,(anonymous_23)
FN:115,(anonymous_24)
FN:130,(anonymous_25)
FN:131,(anonymous_26)
FN:144,(anonymous_27)
FN:155,(anonymous_29)
FN:157,(anonymous_30)
FN:158,(anonymous_31)
FN:158,(anonymous_32)
FN:161,(anonymous_33)
FN:177,(anonymous_34)
FN:178,(anonymous_35)
FN:183,(anonymous_36)
FN:193,(anonymous_37)
FN:194,(anonymous_39)
FN:194,(anonymous_40)
FN:198,(anonymous_41)
FN:198,(anonymous_42)
FN:201,(anonymous_43)
FN:203,(anonymous_44)
FN:208,(anonymous_45)
FN:213,(anonymous_46)
FN:221,(anonymous_47)
FN:227,(anonymous_48)
FN:228,(anonymous_49)
FN:231,(anonymous_50)
FN:242,(anonymous_51)
FN:244,(anonymous_52)
FN:247,(anonymous_53)
FN:250,(anonymous_54)
FN:251,(anonymous_55)
FN:252,(anonymous_56)
FN:264,(anonymous_57)
FN:265,(anonymous_58)
FN:268,(anonymous_59)
FN:278,(anonymous_60)
FN:280,(anonymous_62)
FN:286,(anonymous_63)
FN:286,(anonymous_64)
FN:295,(anonymous_65)
FN:297,(anonymous_66)
FN:298,(anonymous_67)
FN:300,(anonymous_68)
FN:304,(anonymous_69)
FN:312,(anonymous_70)
FN:313,(anonymous_71)
FN:322,(anonymous_72)
FN:323,(anonymous_74)
FN:323,(anonymous_75)
FN:327,(anonymous_76)
FN:330,(anonymous_77)
FN:333,(anonymous_78)
FN:335,(anonymous_79)
FN:338,(anonymous_80)
FN:339,(anonymous_81)
FN:349,(anonymous_82)
FN:358,(anonymous_83)
FN:359,(anonymous_84)
FN:378,(anonymous_85)
FN:379,(anonymous_86)
FN:400,(anonymous_87)
FN:401,(anonymous_89)
FN:420,(anonymous_90)
FNF:76
FNH:0
FNDA:0,(anonymous_7)
FNDA:0,(anonymous_9)
FNDA:0,(anonymous_10)
FNDA:0,(anonymous_11)
FNDA:0,(anonymous_12)
FNDA:0,(anonymous_14)
FNDA:0,(anonymous_15)
FNDA:0,(anonymous_16)
FNDA:0,(anonymous_17)
FNDA:0,(anonymous_18)
FNDA:0,(anonymous_19)
FNDA:0,(anonymous_21)
FNDA:0,(anonymous_22)
FNDA:0,(anonymous_23)
FNDA:0,(anonymous_24)
FNDA:0,(anonymous_25)
FNDA:0,(anonymous_26)
FNDA:0,(anonymous_27)
FNDA:0,(anonymous_29)
FNDA:0,(anonymous_30)
FNDA:0,(anonymous_31)
FNDA:0,(anonymous_32)
FNDA:0,(anonymous_33)
FNDA:0,(anonymous_34)
FNDA:0,(anonymous_35)
FNDA:0,(anonymous_36)
FNDA:0,(anonymous_37)
FNDA:0,(anonymous_39)
FNDA:0,(anonymous_40)
FNDA:0,(anonymous_41)
FNDA:0,(anonymous_42)
FNDA:0,(anonymous_43)
FNDA:0,(anonymous_44)
FNDA:0,(anonymous_45)
FNDA:0,(anonymous_46)
FNDA:0,(anonymous_47)
FNDA:0,(anonymous_48)
FNDA:0,(anonymous_49)
FNDA:0,(anonymous_50)
FNDA:0,(anonymous_51)
FNDA:0,(anonymous_52)
FNDA:0,(anonymous_53)
FNDA:0,(anonymous_54)
FNDA:0,(anonymous_55)
FNDA:0,(anonymous_56)
FNDA:0,(anonymous_57)
FNDA:0,(anonymous_58)
FNDA:0,(anonymous_59)
FNDA:0,(anonymous_60)
FNDA:0,(anonymous_62)
FNDA:0,(anonymous_63)
FNDA:0,(anonymous_64)
FNDA:0,(anonymous_65)
FNDA:0,(anonymous_66)
FNDA:0,(anonymous_67)
FNDA:0,(anonymous_68)
FNDA:0,(anonymous_69)
FNDA:0,(anonymous_70)
FNDA:0,(anonymous_71)
FNDA:0,(anonymous_72)
FNDA:0,(anonymous_74)
FNDA:0,(anonymous_75)
FNDA:0,(anonymous_76)
FNDA:0,(anonymous_77)
FNDA:0,(anonymous_78)
FNDA:0,(anonymous_79)
FNDA:0,(anonymous_80)
FNDA:0,(anonymous_81)
FNDA:0,(anonymous_82)
FNDA:0,(anonymous_83)
FNDA:0,(anonymous_84)
FNDA:0,(anonymous_85)
FNDA:0,(anonymous_86)
FNDA:0,(anonymous_87)
FNDA:0,(anonymous_89)
FNDA:0,(anonymous_90)
DA:2,1
DA:3,1
DA:4,1
DA:5,1
DA:6,1
DA:7,1
DA:8,1
DA:9,1
DA:11,1
DA:12,1
DA:13,1
DA:14,1
DA:16,1
DA:25,0
DA:26,0
DA:27,0
DA:28,0
DA:31,0
DA:32,0
DA:33,0
DA:34,0
DA:35,0
DA:37,0
DA:39,0
DA:40,0
DA:41,0
DA:42,0
DA:43,0
DA:45,0
DA:49,0
DA:50,0
DA:51,0
DA:60,0
DA:61,0
DA:63,0
DA:64,0
DA:65,0
DA:67,0
DA:68,0
DA:69,0
DA:71,0
DA:76,0
DA:77,0
DA:78,0
DA:87,0
DA:88,0
DA:89,0
DA:92,0
DA:93,0
DA:102,0
DA:106,0
DA:107,0
DA:109,0
DA:110,0
DA:112,0
DA:113,0
DA:114,0
DA:115,0
DA:116,0
DA:118,0
DA:119,0
DA:121,0
DA:122,0
DA:123,0
DA:129,0
DA:131,0
DA:133,0
DA:148,0
DA:152,0
DA:153,0
DA:155,0
DA:156,0
DA:158,0
DA:159,0
DA:160,0
DA:161,0
DA:162,0
DA:164,0
DA:165,0
DA:166,0
DA:168,0
DA:169,0
DA:170,0
DA:176,0
DA:178,0
DA:180,0
DA:184,0
DA:185,0
DA:188,0
DA:189,0
DA:194,0
DA:197,0
DA:198,0
DA:199,0
DA:200,0
DA:202,0
DA:204,0
DA:207,0
DA:209,0
DA:210,0
DA:211,0
DA:213,0
DA:215,0
DA:216,0
DA:218,0
DA:222,0
DA:228,0
DA:229,0
DA:232,0
DA:233,0
DA:236,0
DA:243,0
DA:245,0
DA:248,0
DA:251,0
DA:252,0
DA:253,0
DA:254,0
DA:256,0
DA:257,0
DA:265,0
DA:266,0
DA:270,0
DA:271,0
DA:273,0
DA:280,0
DA:281,0
DA:284,0
DA:286,0
DA:287,0
DA:288,0
DA:293,0
DA:294,0
DA:295,0
DA:296,0
DA:298,0
DA:299,0
DA:301,0
DA:302,0
DA:305,0
DA:306,0
DA:311,0
DA:313,0
DA:314,0
DA:316,0
DA:323,0
DA:324,0
DA:326,0
DA:328,0
DA:331,0
DA:332,0
DA:334,0
DA:336,0
DA:338,0
DA:343,0
DA:345,0
DA:350,0
DA:351,0
DA:352,0
DA:354,0
DA:359,0
DA:360,0
DA:361,0
DA:362,0
DA:378,0
DA:379,0
DA:380,0
DA:381,0
DA:382,0
DA:385,0
DA:386,0
DA:387,0
DA:389,0
DA:390,0
DA:395,0
DA:401,0
DA:402,0
DA:403,0
DA:404,0
DA:420,0
DA:421,0
DA:422,0
DA:423,0
DA:424,0
DA:426,0
DA:427,0
DA:432,0
LF:187
LH:13
BRDA:25,0,0,0
BRDA:25,0,1,0
BRDA:31,1,0,0
BRDA:31,1,1,0
BRDA:42,2,0,0
BRDA:42,2,1,0
BRDA:68,3,0,0
BRDA:68,3,1,0
BRDA:87,4,0,0
BRDA:87,4,1,0
BRDA:94,5,0,0
BRDA:94,5,1,0
BRDA:116,6,0,0
BRDA:116,6,1,0
BRDA:162,7,0,0
BRDA:162,7,1,0
BRDA:184,8,0,0
BRDA:184,8,1,0
BRDA:188,9,0,0
BRDA:188,9,1,0
BRDA:215,10,0,0
BRDA:215,10,1,0
BRDA:232,11,0,0
BRDA:232,11,1,0
BRDA:253,12,0,0
BRDA:253,12,1,0
BRDA:253,13,0,0
BRDA:253,13,1,0
BRDA:270,14,0,0
BRDA:270,14,1,0
BRDA:270,15,0,0
BRDA:270,15,1,0
BRDA:287,16,0,0
BRDA:287,16,1,0
BRDA:381,17,0,0
BRDA:381,17,1,0
BRDA:385,18,0,0
BRDA:385,18,1,0
BRDA:422,19,0,0
BRDA:422,19,1,0
BRF:40
BRH:0
end_of_record
TN:
SF:/Users/jonas/Dev/Hobby/Web/wow-auction-helper/server/src/util/locales.ts
FN:6,(anonymous_0)
FNF:1
FNH:0
FNDA:0,(anonymous_0)
DA:6,1
DA:8,0
DA:9,0
DA:11,0
LF:4
LH:1
BRDA:8,0,0,0
BRDA:8,0,1,0
BRDA:8,1,0,0
BRDA:8,1,1,0
BRF:4
BRH:0
end_of_record
TN:
SF:/Users/jonas/Dev/Hobby/Web/wow-auction-helper/server/src/util/logger.ts
FNF:0
FNH:0
DA:1,1
DA:2,1
DA:5,1
DA:12,1
DA:13,1
DA:16,1
LF:6
LH:6
BRDA:7,0,0,0
BRDA:7,0,1,1
BRDA:12,1,0,1
BRDA:12,1,1,0
BRF:4
BRH:2
end_of_record
TN:
SF:/Users/jonas/Dev/Hobby/Web/wow-auction-helper/server/src/util/pet.util.ts
FN:13,(anonymous_7)
FN:19,(anonymous_8)
FN:25,(anonymous_9)
FN:43,(anonymous_10)
FN:49,(anonymous_11)
FN:50,(anonymous_12)
FN:68,(anonymous_13)
FN:69,(anonymous_14)
FN:87,(anonymous_15)
FN:98,(anonymous_16)
FN:107,(anonymous_17)
FN:119,(anonymous_18)
FN:133,(anonymous_19)
FN:135,(anonymous_21)
FN:137,(anonymous_22)
FN:137,(anonymous_23)
FN:146,(anonymous_24)
FN:148,(anonymous_25)
FN:149,(anonymous_26)
FN:151,(anonymous_27)
FN:155,(anonymous_28)
FN:163,(anonymous_29)
FN:164,(anonymous_30)
FN:173,(anonymous_31)
FN:176,(anonymous_33)
FN:176,(anonymous_34)
FN:184,(anonymous_35)
FN:184,(anonymous_36)
FN:192,(anonymous_37)
FN:192,(anonymous_38)
FN:223,(anonymous_39)
FNF:31
FNH:0
FNDA:0,(anonymous_7)
FNDA:0,(anonymous_8)
FNDA:0,(anonymous_9)
FNDA:0,(anonymous_10)
FNDA:0,(anonymous_11)
FNDA:0,(anonymous_12)
FNDA:0,(anonymous_13)
FNDA:0,(anonymous_14)
FNDA:0,(anonymous_15)
FNDA:0,(anonymous_16)
FNDA:0,(anonymous_17)
FNDA:0,(anonymous_18)
FNDA:0,(anonymous_19)
FNDA:0,(anonymous_21)
FNDA:0,(anonymous_22)
FNDA:0,(anonymous_23)
FNDA:0,(anonymous_24)
FNDA:0,(anonymous_25)
FNDA:0,(anonymous_26)
FNDA:0,(anonymous_27)
FNDA:0,(anonymous_28)
FNDA:0,(anonymous_29)
FNDA:0,(anonymous_30)
FNDA:0,(anonymous_31)
FNDA:0,(anonymous_33)
FNDA:0,(anonymous_34)
FNDA:0,(anonymous_35)
FNDA:0,(anonymous_36)
FNDA:0,(anonymous_37)
FNDA:0,(anonymous_38)
FNDA:0,(anonymous_39)
DA:2,1
DA:3,1
DA:4,1
DA:5,1
DA:6,1
DA:7,1
DA:8,1
DA:9,1
DA:11,1
DA:17,0
DA:18,0
DA:19,0
DA:20,0
DA:21,0
DA:22,0
DA:23,0
DA:25,0
DA:26,0
DA:27,0
DA:39,0
DA:40,0
DA:42,0
DA:44,0
DA:45,0
DA:47,0
DA:48,0
DA:49,0
DA:50,0
DA:53,0
DA:57,0
DA:58,0
DA:59,0
DA:63,0
DA:64,0
DA:69,0
DA:70,0
DA:71,0
DA:82,0
DA:83,0
DA:85,0
DA:86,0
DA:88,0
DA:89,0
DA:91,0
DA:94,0
DA:101,0
DA:102,0
DA:108,0
DA:109,0
DA:110,0
DA:114,0
DA:120,0
DA:121,0
DA:135,0
DA:136,0
DA:137,0
DA:138,0
DA:139,0
DA:144,0
DA:145,0
DA:146,0
DA:147,0
DA:149,0
DA:150,0
DA:152,0
DA:153,0
DA:156,0
DA:157,0
DA:162,0
DA:164,0
DA:165,0
DA:167,0
DA:174,0
DA:175,0
DA:176,0
DA:177,0
DA:178,0
DA:180,0
DA:183,0
DA:184,0
DA:185,0
DA:186,0
DA:188,0
DA:192,0
DA:194,0
DA:195,0
DA:196,0
DA:223,0
DA:224,0
DA:225,0
DA:227,0
DA:229,0
DA:235,0
LF:93
LH:9
BRDA:21,0,0,0
BRDA:21,0,1,0
BRDA:21,1,0,0
BRDA:21,1,1,0
BRDA:44,2,0,0
BRDA:44,2,1,0
BRDA:88,3,0,0
BRDA:88,3,1,0
BRDA:109,4,0,0
BRDA:109,4,1,0
BRDA:138,5,0,0
BRDA:138,5,1,0
BRDA:224,6,0,0
BRDA:224,6,1,0
BRF:14
BRH:0
end_of_record
TN:
SF:/Users/jonas/Dev/Hobby/Web/wow-auction-helper/server/src/util/recipe.util.ts
FN:13,(anonymous_7)
FN:15,(anonymous_8)
FN:24,(anonymous_9)
FN:32,(anonymous_10)
FN:36,(anonymous_11)
FN:44,(anonymous_12)
FN:65,(anonymous_13)
FN:77,(anonymous_14)
FN:81,(anonymous_15)
FN:96,(anonymous_16)
FN:101,(anonymous_18)
FN:112,(anonymous_20)
FN:114,(anonymous_21)
FN:115,(anonymous_22)
FN:115,(anonymous_23)
FN:118,(anonymous_24)
FN:134,(anonymous_25)
FN:135,(anonymous_26)
FN:140,(anonymous_27)
FN:155,(anonymous_28)
FN:157,(anonymous_29)
FN:163,(anonymous_30)
FN:164,(anonymous_31)
FN:174,(anonymous_32)
FN:178,(anonymous_33)
FN:193,(anonymous_34)
FN:195,(anonymous_35)
FN:197,(anonymous_36)
FN:197,(anonymous_37)
FN:206,(anonymous_38)
FN:208,(anonymous_39)
FN:209,(anonymous_40)
FN:211,(anonymous_41)
FN:215,(anonymous_42)
FN:223,(anonymous_43)
FN:224,(anonymous_44)
FN:233,(anonymous_45)
FN:236,(anonymous_47)
FN:236,(anonymous_48)
FN:244,(anonymous_49)
FN:244,(anonymous_50)
FN:253,(anonymous_51)
FN:254,(anonymous_52)
FN:286,(anonymous_53)
FNF:44
FNH:0
FNDA:0,(anonymous_7)
FNDA:0,(anonymous_8)
FNDA:0,(anonymous_9)
FNDA:0,(anonymous_10)
FNDA:0,(anonymous_11)
FNDA:0,(anonymous_12)
FNDA:0,(anonymous_13)
FNDA:0,(anonymous_14)
FNDA:0,(anonymous_15)
FNDA:0,(anonymous_16)
FNDA:0,(anonymous_18)
FNDA:0,(anonymous_20)
FNDA:0,(anonymous_21)
FNDA:0,(anonymous_22)
FNDA:0,(anonymous_23)
FNDA:0,(anonymous_24)
FNDA:0,(anonymous_25)
FNDA:0,(anonymous_26)
FNDA:0,(anonymous_27)
FNDA:0,(anonymous_28)
FNDA:0,(anonymous_29)
FNDA:0,(anonymous_30)
FNDA:0,(anonymous_31)
FNDA:0,(anonymous_32)
FNDA:0,(anonymous_33)
FNDA:0,(anonymous_34)
FNDA:0,(anonymous_35)
FNDA:0,(anonymous_36)
FNDA:0,(anonymous_37)
FNDA:0,(anonymous_38)
FNDA:0,(anonymous_39)
FNDA:0,(anonymous_40)
FNDA:0,(anonymous_41)
FNDA:0,(anonymous_42)
FNDA:0,(anonymous_43)
FNDA:0,(anonymous_44)
FNDA:0,(anonymous_45)
FNDA:0,(anonymous_47)
FNDA:0,(anonymous_48)
FNDA:0,(anonymous_49)
FNDA:0,(anonymous_50)
FNDA:0,(anonymous_51)
FNDA:0,(anonymous_52)
FNDA:0,(anonymous_53)
DA:2,1
DA:3,1
DA:4,1
DA:5,1
DA:6,1
DA:7,1
DA:8,1
DA:9,1
DA:10,1
DA:12,1
DA:14,0
DA:15,0
DA:16,0
DA:17,0
DA:18,0
DA:19,0
DA:21,0
DA:24,0
DA:25,0
DA:26,0
DA:28,0
DA:32,0
DA:33,0
DA:34,0
DA:36,0
DA:37,0
DA:42,0
DA:43,0
DA:44,0
DA:45,0
DA:46,0
DA:48,0
DA:51,0
DA:54,0
DA:55,0
DA:60,0
DA:70,0
DA:72,0
DA:78,0
DA:79,0
DA:80,0
DA:81,0
DA:82,0
DA:83,0
DA:86,0
DA:89,0
DA:91,0
DA:105,0
DA:109,0
DA:110,0
DA:112,0
DA:113,0
DA:115,0
DA:116,0
DA:117,0
DA:118,0
DA:119,0
DA:121,0
DA:122,0
DA:123,0
DA:125,0
DA:126,0
DA:127,0
DA:133,0
DA:135,0
DA:137,0
DA:141,0
DA:142,0
DA:152,0
DA:156,0
DA:157,0
DA:158,0
DA:160,0
DA:164,0
DA:165,0
DA:166,0
DA:168,0
DA:170,0
DA:175,0
DA:176,0
DA:178,0
DA:179,0
DA:180,0
DA:182,0
DA:183,0
DA:185,0
DA:187,0
DA:195,0
DA:196,0
DA:197,0
DA:198,0
DA:199,0
DA:204,0
DA:205,0
DA:206,0
DA:207,0
DA:209,0
DA:210,0
DA:212,0
DA:213,0
DA:216,0
DA:217,0
DA:222,0
DA:224,0
DA:225,0
DA:227,0
DA:234,0
DA:235,0
DA:236,0
DA:237,0
DA:238,0
DA:240,0
DA:243,0
DA:244,0
DA:245,0
DA:246,0
DA:248,0
DA:253,0
DA:257,0
DA:258,0
DA:259,0
DA:286,0
DA:287,0
DA:288,0
DA:289,0
DA:291,0
DA:299,0
LF:127
LH:10
BRDA:18,0,0,0
BRDA:18,0,1,0
BRDA:18,1,0,0
BRDA:18,1,1,0
BRDA:46,2,0,0
BRDA:46,2,1,0
BRDA:79,3,0,0
BRDA:79,3,1,0
BRDA:119,4,0,0
BRDA:119,4,1,0
BRDA:148,5,0,0
BRDA:148,5,1,0
BRDA:149,6,0,0
BRDA:149,6,1,0
BRDA:175,7,0,0
BRDA:175,7,1,0
BRDA:183,8,0,0
BRDA:183,8,1,0
BRDA:183,8,2,0
BRDA:198,9,0,0
BRDA:198,9,1,0
BRDA:288,10,0,0
BRDA:288,10,1,0
BRF:23
BRH:0
end_of_record
TN:
SF:/Users/jonas/Dev/Hobby/Web/wow-auction-helper/server/src/util/secrets.ts
FNF:0
FNH:0
DA:1,1
DA:2,1
DA:3,1
DA:5,1
DA:6,1
DA:7,1
DA:9,1
DA:10,1
DA:12,1
DA:15,1
DA:26,1
DA:27,0
DA:28,0
LF:13
LH:11
BRDA:5,0,0,1
BRDA:5,0,1,0
BRDA:13,1,0,0
BRDA:13,1,1,1
BRDA:15,2,0,0
BRDA:15,2,1,1
BRDA:26,3,0,0
BRDA:26,3,1,1
BRF:8
BRH:4
end_of_record
TN:
SF:/Users/jonas/Dev/Hobby/Web/wow-auction-helper/server/src/util/string.util.ts
FN:1,(anonymous_0)
FNF:1
FNH:0
FNDA:0,(anonymous_0)
DA:1,1
DA:2,0
DA:3,0
DA:7,0
LF:4
LH:1
BRDA:2,0,0,0
BRDA:2,0,1,0
BRF:2
BRH:0
end_of_record
TN:
SF:/Users/jonas/Dev/Hobby/Web/wow-auction-helper/server/src/util/wowhead.util.ts
FN:16,(anonymous_0)
FN:37,(anonymous_1)
FN:46,(anonymous_2)
FN:57,(anonymous_3)
FN:72,(anonymous_4)
FN:83,(anonymous_5)
FN:98,(anonymous_6)
FN:102,(anonymous_7)
FN:116,(anonymous_8)
FN:130,(anonymous_9)
FN:143,(anonymous_10)
FN:153,(anonymous_11)
FN:162,(anonymous_12)
FN:174,(anonymous_13)
FN:187,(anonymous_14)
FN:200,(anonymous_15)
FN:212,(anonymous_16)
FN:224,(anonymous_17)
FN:233,(anonymous_18)
FNF:19
FNH:17
FNDA:0,(anonymous_0)
FNDA:0,(anonymous_1)
FNDA:1,(anonymous_2)
FNDA:2,(anonymous_3)
FNDA:1,(anonymous_4)
FNDA:2,(anonymous_5)
FNDA:7,(anonymous_6)
FNDA:1,(anonymous_7)
FNDA:18,(anonymous_8)
FNDA:1,(anonymous_9)
FNDA:2,(anonymous_10)
FNDA:4,(anonymous_11)
FNDA:1,(anonymous_12)
FNDA:2,(anonymous_13)
FNDA:1,(anonymous_14)
FNDA:1,(anonymous_15)
FNDA:1,(anonymous_16)
FNDA:30,(anonymous_17)
FNDA:57,(anonymous_18)
DA:1,2
DA:12,2
DA:14,2
DA:17,0
DA:18,0
DA:19,0
DA:20,0
DA:22,0
DA:23,0
DA:24,0
DA:26,0
DA:27,0
DA:28,0
DA:29,0
DA:31,0
DA:34,0
DA:38,0
DA:39,0
DA:40,0
DA:41,0
DA:43,0
DA:47,1
DA:48,1
DA:49,1
DA:50,1
DA:51,0
DA:53,1
DA:57,1
DA:58,2
DA:59,2
DA:60,2
DA:61,2
DA:62,2
DA:63,2
DA:64,2
DA:65,2
DA:66,2
DA:69,1
DA:73,1
DA:74,1
DA:75,1
DA:76,1
DA:77,0
DA:79,1
DA:83,1
DA:84,2
DA:85,2
DA:86,2
DA:87,2
DA:88,2
DA:89,2
DA:90,2
DA:91,2
DA:92,2
DA:95,1
DA:99,7
DA:103,1
DA:104,1
DA:105,1
DA:107,1
DA:108,0
DA:111,1
DA:112,1
DA:116,1
DA:117,18
DA:118,18
DA:119,18
DA:120,18
DA:121,18
DA:124,0
DA:127,1
DA:131,1
DA:132,1
DA:133,1
DA:134,1
DA:135,0
DA:138,1
DA:142,1
DA:143,1
DA:144,2
DA:145,2
DA:146,2
DA:147,2
DA:150,1
DA:154,4
DA:155,4
DA:156,4
DA:158,0
DA:164,1
DA:165,1
DA:166,1
DA:167,1
DA:168,0
DA:170,1
DA:172,1
DA:173,1
DA:174,1
DA:175,2
DA:176,2
DA:177,2
DA:178,2
DA:179,2
DA:180,2
DA:181,2
DA:184,1
DA:188,1
DA:189,1
DA:190,1
DA:191,1
DA:192,0
DA:195,1
DA:200,1
DA:201,1
DA:202,1
DA:203,1
DA:204,1
DA:205,1
DA:206,1
DA:209,1
DA:213,1
DA:214,1
DA:215,1
DA:216,1
DA:217,0
DA:219,1
DA:224,1
DA:225,30
DA:226,30
DA:227,30
DA:228,30
DA:230,1
DA:234,57
LF:132
LH:105
BRDA:40,0,0,0
BRDA:40,0,1,0
BRDA:40,1,0,0
BRDA:40,1,1,0
BRDA:50,2,0,0
BRDA:50,2,1,1
BRDA:76,3,0,0
BRDA:76,3,1,1
BRDA:107,4,0,0
BRDA:107,4,1,1
BRDA:134,5,0,0
BRDA:134,5,1,1
BRDA:142,6,0,1
BRDA:142,6,1,0
BRDA:154,7,0,4
BRDA:154,7,1,0
BRDA:154,8,0,4
BRDA:154,8,1,4
BRDA:154,8,2,4
BRDA:167,9,0,0
BRDA:167,9,1,1
BRDA:173,10,0,1
BRDA:173,10,1,0
BRDA:191,11,0,0
BRDA:191,11,1,1
BRDA:216,12,0,0
BRDA:216,12,1,1
BRF:27
BRH:13
end_of_record
